\BOOKMARK [0][-]{chapter*.4}{Preface}{}% 1
\BOOKMARK [0][-]{chapter.1}{Organization of the Module}{}% 2
\BOOKMARK [0][-]{chapter.2}{Getting Started with Python}{}% 3
\BOOKMARK [1][-]{section.2.1}{Installing Python}{chapter.2}% 4
\BOOKMARK [1][-]{section.2.2}{How Python Runs Programs}{chapter.2}% 5
\BOOKMARK [1][-]{section.2.3}{How We Run Python Programs}{chapter.2}% 6
\BOOKMARK [1][-]{section.2.4}{Managing Python Environments}{chapter.2}% 7
\BOOKMARK [0][-]{chapter.3}{Python Language Fundamentals}{}% 8
\BOOKMARK [1][-]{section.3.1}{Variables}{chapter.3}% 9
\BOOKMARK [1][-]{section.3.2}{Objects}{chapter.3}% 10
\BOOKMARK [1][-]{section.3.3}{References}{chapter.3}% 11
\BOOKMARK [0][-]{chapter.4}{Python Objects}{}% 12
\BOOKMARK [1][-]{section.4.1}{Number Type Fundamentals}{chapter.4}% 13
\BOOKMARK [1][-]{section.4.2}{String Type Fundamentals}{chapter.4}% 14
\BOOKMARK [1][-]{section.4.3}{List and Dictionaries}{chapter.4}% 15
\BOOKMARK [1][-]{section.4.4}{Dictionaries}{chapter.4}% 16
\BOOKMARK [1][-]{section.4.5}{Tuples}{chapter.4}% 17
\BOOKMARK [1][-]{section.4.6}{Sets}{chapter.4}% 18
\BOOKMARK [1][-]{section.4.7}{Files}{chapter.4}% 19
\BOOKMARK [1][-]{section.4.8}{Python Statements and Syntax}{chapter.4}% 20
\BOOKMARK [1][-]{section.4.9}{Control Flow \(or If-Then Statements\)}{chapter.4}% 21
\BOOKMARK [1][-]{section.4.10}{While and For Loops}{chapter.4}% 22
\BOOKMARK [1][-]{section.4.11}{Iterations and Comprehensions}{chapter.4}% 23
\BOOKMARK [0][-]{chapter.5}{Technical \046 Scientific Computation with NumPy}{}% 24
\BOOKMARK [1][-]{section.5.1}{Installing NumPy}{chapter.5}% 25
\BOOKMARK [1][-]{section.5.2}{NumPy ndarray}{chapter.5}% 26
\BOOKMARK [1][-]{section.5.3}{Array Creation Routines}{chapter.5}% 27
\BOOKMARK [1][-]{section.5.4}{Array Manipulation Routines}{chapter.5}% 28
\BOOKMARK [1][-]{section.5.5}{Universal Functions in NumPy}{chapter.5}% 29
\BOOKMARK [1][-]{section.5.6}{Mathematical Functions}{chapter.5}% 30
\BOOKMARK [1][-]{section.5.7}{Statistics}{chapter.5}% 31
\BOOKMARK [1][-]{section.5.8}{Linear Algebra}{chapter.5}% 32
\BOOKMARK [1][-]{section.5.9}{Pseudorandom Number Generation}{chapter.5}% 33
\BOOKMARK [1][-]{section.5.10}{File Input and Output \(IO\) with ndarrays}{chapter.5}% 34
\BOOKMARK [0][-]{chapter.6}{Data Management with Pandas}{}% 35
\BOOKMARK [1][-]{section.6.1}{Pandas 101}{chapter.6}% 36
\BOOKMARK [1][-]{section.6.2}{The Pandas DataFrame}{chapter.6}% 37
\BOOKMARK [1][-]{section.6.3}{Checking a DataFrame's Attributes}{chapter.6}% 38
\BOOKMARK [1][-]{section.6.4}{The Anatomy of a DataFrame}{chapter.6}% 39
\BOOKMARK [1][-]{section.6.5}{Quering DataFrames}{chapter.6}% 40
\BOOKMARK [1][-]{section.6.6}{Manipulating DataFrame Columns}{chapter.6}% 41
\BOOKMARK [1][-]{section.6.7}{Data Types and Pandas}{chapter.6}% 42
\BOOKMARK [1][-]{section.6.8}{Handling `Time' Data in Pandas}{chapter.6}% 43
\BOOKMARK [1][-]{section.6.9}{Shaping and Reshaping DataFrames}{chapter.6}% 44
\BOOKMARK [1][-]{section.6.10}{Group By Part I: Data Aggregation}{chapter.6}% 45
\BOOKMARK [1][-]{section.6.11}{Group By Part II: Data Transformation}{chapter.6}% 46
\BOOKMARK [1][-]{section.6.12}{Playing with Multiple DataFrames}{chapter.6}% 47
\BOOKMARK [1][-]{section.6.13}{File Input and Output \(IO\) with Pandas}{chapter.6}% 48
\BOOKMARK [0][-]{chapter.7}{Coda}{}% 49
\BOOKMARK [0][-]{appendix.a.A}{Appendix Cheat Sheets}{}% 50
\BOOKMARK [1][-]{section.a.A.1}{Escapes}{appendix.a.A}% 51
\BOOKMARK [1][-]{section.a.A.2}{String Methods}{appendix.a.A}% 52
\BOOKMARK [1][-]{section.a.A.3}{NumPy Array Manipulation Routines}{appendix.a.A}% 53
\BOOKMARK [1][-]{section.a.A.4}{Pandas Features for Handling Time-Related Data}{appendix.a.A}% 54
\BOOKMARK [0][-]{appendix.a.B}{Appendix Collaborative and Versioning Tools}{}% 55
