This is pdfTeX, Version 3.141592653-2.6-1.40.22 (TeX Live 2021) (preloaded format=pdflatex 2022.1.11)  21 AUG 2022 10:56
entering extended mode
 \write18 enabled.
 %&-line parsing enabled.
**notes.tex
(./notes.tex
LaTeX2e <2020-10-01> patch level 4
L3 programming layer <2021-02-18>
(/usr/local/texlive/2021/texmf-dist/tex/latex/base/book.cls
Document Class: book 2020/04/10 v1.4m Standard LaTeX document class
(/usr/local/texlive/2021/texmf-dist/tex/latex/base/bk11.clo
File: bk11.clo 2020/04/10 v1.4m Standard LaTeX file (size option)
)
\c@part=\count179
\c@chapter=\count180
\c@section=\count181
\c@subsection=\count182
\c@subsubsection=\count183
\c@paragraph=\count184
\c@subparagraph=\count185
\c@figure=\count186
\c@table=\count187
\abovecaptionskip=\skip47
\belowcaptionskip=\skip48
\bibindent=\dimen138
)
(/usr/local/texlive/2021/texmf-dist/tex/latex/base/inputenc.sty
Package: inputenc 2020/08/01 v1.3d Input encoding file
\inpenc@prehook=\toks15
\inpenc@posthook=\toks16
)
(/usr/local/texlive/2021/texmf-dist/tex/latex/graphics/graphicx.sty
Package: graphicx 2020/09/09 v1.2b Enhanced LaTeX Graphics (DPC,SPQR)

(/usr/local/texlive/2021/texmf-dist/tex/latex/graphics/keyval.sty
Package: keyval 2014/10/28 v1.15 key=value parser (DPC)
\KV@toks@=\toks17
)
(/usr/local/texlive/2021/texmf-dist/tex/latex/graphics/graphics.sty
Package: graphics 2020/08/30 v1.4c Standard LaTeX Graphics (DPC,SPQR)

(/usr/local/texlive/2021/texmf-dist/tex/latex/graphics/trig.sty
Package: trig 2016/01/03 v1.10 sin cos tan (DPC)
)
(/usr/local/texlive/2021/texmf-dist/tex/latex/graphics-cfg/graphics.cfg
File: graphics.cfg 2016/06/04 v1.11 sample graphics configuration
)
Package graphics Info: Driver file: pdftex.def on input line 105.

(/usr/local/texlive/2021/texmf-dist/tex/latex/graphics-def/pdftex.def
File: pdftex.def 2020/10/05 v1.2a Graphics/color driver for pdftex
))
\Gin@req@height=\dimen139
\Gin@req@width=\dimen140
)
(/usr/local/texlive/2021/texmf-dist/tex/latex/geometry/geometry.sty
Package: geometry 2020/01/02 v5.9 Page Geometry

(/usr/local/texlive/2021/texmf-dist/tex/generic/iftex/ifvtex.sty
Package: ifvtex 2019/10/25 v1.7 ifvtex legacy package. Use iftex instead.

(/usr/local/texlive/2021/texmf-dist/tex/generic/iftex/iftex.sty
Package: iftex 2020/03/06 v1.0d TeX engine tests
))
\Gm@cnth=\count188
\Gm@cntv=\count189
\c@Gm@tempcnt=\count190
\Gm@bindingoffset=\dimen141
\Gm@wd@mp=\dimen142
\Gm@odd@mp=\dimen143
\Gm@even@mp=\dimen144
\Gm@layoutwidth=\dimen145
\Gm@layoutheight=\dimen146
\Gm@layouthoffset=\dimen147
\Gm@layoutvoffset=\dimen148
\Gm@dimlist=\toks18
)
(/usr/local/texlive/2021/texmf-dist/tex/latex/tcolorbox/tcolorbox.sty
Package: tcolorbox 2020/10/09 version 4.42 text color boxes

(/usr/local/texlive/2021/texmf-dist/tex/latex/pgf/basiclayer/pgf.sty
(/usr/local/texlive/2021/texmf-dist/tex/latex/pgf/utilities/pgfrcs.sty
(/usr/local/texlive/2021/texmf-dist/tex/generic/pgf/utilities/pgfutil-common.te
x
\pgfutil@everybye=\toks19
\pgfutil@tempdima=\dimen149
\pgfutil@tempdimb=\dimen150

(/usr/local/texlive/2021/texmf-dist/tex/generic/pgf/utilities/pgfutil-common-li
sts.tex))
(/usr/local/texlive/2021/texmf-dist/tex/generic/pgf/utilities/pgfutil-latex.def
\pgfutil@abb=\box47
) (/usr/local/texlive/2021/texmf-dist/tex/generic/pgf/utilities/pgfrcs.code.tex
(/usr/local/texlive/2021/texmf-dist/tex/generic/pgf/pgf.revision.tex)
Package: pgfrcs 2020/12/27 v3.1.8b (3.1.8b)
))
Package: pgf 2020/12/27 v3.1.8b (3.1.8b)

(/usr/local/texlive/2021/texmf-dist/tex/latex/pgf/basiclayer/pgfcore.sty
(/usr/local/texlive/2021/texmf-dist/tex/latex/pgf/systemlayer/pgfsys.sty
(/usr/local/texlive/2021/texmf-dist/tex/generic/pgf/systemlayer/pgfsys.code.tex
Package: pgfsys 2020/12/27 v3.1.8b (3.1.8b)
(/usr/local/texlive/2021/texmf-dist/tex/generic/pgf/utilities/pgfkeys.code.tex
\pgfkeys@pathtoks=\toks20
\pgfkeys@temptoks=\toks21

(/usr/local/texlive/2021/texmf-dist/tex/generic/pgf/utilities/pgfkeysfiltered.c
ode.tex
\pgfkeys@tmptoks=\toks22
))
\pgf@x=\dimen151
\pgf@y=\dimen152
\pgf@xa=\dimen153
\pgf@ya=\dimen154
\pgf@xb=\dimen155
\pgf@yb=\dimen156
\pgf@xc=\dimen157
\pgf@yc=\dimen158
\pgf@xd=\dimen159
\pgf@yd=\dimen160
\w@pgf@writea=\write3
\r@pgf@reada=\read2
\c@pgf@counta=\count191
\c@pgf@countb=\count192
\c@pgf@countc=\count193
\c@pgf@countd=\count194
\t@pgf@toka=\toks23
\t@pgf@tokb=\toks24
\t@pgf@tokc=\toks25
\pgf@sys@id@count=\count195

(/usr/local/texlive/2021/texmf-dist/tex/generic/pgf/systemlayer/pgf.cfg
File: pgf.cfg 2020/12/27 v3.1.8b (3.1.8b)
)
Driver file for pgf: pgfsys-pdftex.def

(/usr/local/texlive/2021/texmf-dist/tex/generic/pgf/systemlayer/pgfsys-pdftex.d
ef
File: pgfsys-pdftex.def 2020/12/27 v3.1.8b (3.1.8b)

(/usr/local/texlive/2021/texmf-dist/tex/generic/pgf/systemlayer/pgfsys-common-p
df.def
File: pgfsys-common-pdf.def 2020/12/27 v3.1.8b (3.1.8b)
)))
(/usr/local/texlive/2021/texmf-dist/tex/generic/pgf/systemlayer/pgfsyssoftpath.
code.tex
File: pgfsyssoftpath.code.tex 2020/12/27 v3.1.8b (3.1.8b)
\pgfsyssoftpath@smallbuffer@items=\count196
\pgfsyssoftpath@bigbuffer@items=\count197
)
(/usr/local/texlive/2021/texmf-dist/tex/generic/pgf/systemlayer/pgfsysprotocol.
code.tex
File: pgfsysprotocol.code.tex 2020/12/27 v3.1.8b (3.1.8b)
)) (/usr/local/texlive/2021/texmf-dist/tex/latex/xcolor/xcolor.sty
Package: xcolor 2016/05/11 v2.12 LaTeX color extensions (UK)

(/usr/local/texlive/2021/texmf-dist/tex/latex/graphics-cfg/color.cfg
File: color.cfg 2016/01/02 v1.6 sample color configuration
)
Package xcolor Info: Driver file: pdftex.def on input line 225.
Package xcolor Info: Model `cmy' substituted by `cmy0' on input line 1348.
Package xcolor Info: Model `hsb' substituted by `rgb' on input line 1352.
Package xcolor Info: Model `RGB' extended on input line 1364.
Package xcolor Info: Model `HTML' substituted by `rgb' on input line 1366.
Package xcolor Info: Model `Hsb' substituted by `hsb' on input line 1367.
Package xcolor Info: Model `tHsb' substituted by `hsb' on input line 1368.
Package xcolor Info: Model `HSB' substituted by `hsb' on input line 1369.
Package xcolor Info: Model `Gray' substituted by `gray' on input line 1370.
Package xcolor Info: Model `wave' substituted by `hsb' on input line 1371.
)
(/usr/local/texlive/2021/texmf-dist/tex/generic/pgf/basiclayer/pgfcore.code.tex
Package: pgfcore 2020/12/27 v3.1.8b (3.1.8b)
(/usr/local/texlive/2021/texmf-dist/tex/generic/pgf/math/pgfmath.code.tex
(/usr/local/texlive/2021/texmf-dist/tex/generic/pgf/math/pgfmathcalc.code.tex
(/usr/local/texlive/2021/texmf-dist/tex/generic/pgf/math/pgfmathutil.code.tex)
(/usr/local/texlive/2021/texmf-dist/tex/generic/pgf/math/pgfmathparser.code.tex
\pgfmath@dimen=\dimen161
\pgfmath@count=\count198
\pgfmath@box=\box48
\pgfmath@toks=\toks26
\pgfmath@stack@operand=\toks27
\pgfmath@stack@operation=\toks28
)
(/usr/local/texlive/2021/texmf-dist/tex/generic/pgf/math/pgfmathfunctions.code.
tex
(/usr/local/texlive/2021/texmf-dist/tex/generic/pgf/math/pgfmathfunctions.basic
.code.tex)
(/usr/local/texlive/2021/texmf-dist/tex/generic/pgf/math/pgfmathfunctions.trigo
nometric.code.tex)
(/usr/local/texlive/2021/texmf-dist/tex/generic/pgf/math/pgfmathfunctions.rando
m.code.tex)
(/usr/local/texlive/2021/texmf-dist/tex/generic/pgf/math/pgfmathfunctions.compa
rison.code.tex)
(/usr/local/texlive/2021/texmf-dist/tex/generic/pgf/math/pgfmathfunctions.base.
code.tex)
(/usr/local/texlive/2021/texmf-dist/tex/generic/pgf/math/pgfmathfunctions.round
.code.tex)
(/usr/local/texlive/2021/texmf-dist/tex/generic/pgf/math/pgfmathfunctions.misc.
code.tex)
(/usr/local/texlive/2021/texmf-dist/tex/generic/pgf/math/pgfmathfunctions.integ
erarithmetics.code.tex)))
(/usr/local/texlive/2021/texmf-dist/tex/generic/pgf/math/pgfmathfloat.code.tex
\c@pgfmathroundto@lastzeros=\count199
)) (/usr/local/texlive/2021/texmf-dist/tex/generic/pgf/math/pgfint.code.tex)
(/usr/local/texlive/2021/texmf-dist/tex/generic/pgf/basiclayer/pgfcorepoints.co
de.tex
File: pgfcorepoints.code.tex 2020/12/27 v3.1.8b (3.1.8b)
\pgf@picminx=\dimen162
\pgf@picmaxx=\dimen163
\pgf@picminy=\dimen164
\pgf@picmaxy=\dimen165
\pgf@pathminx=\dimen166
\pgf@pathmaxx=\dimen167
\pgf@pathminy=\dimen168
\pgf@pathmaxy=\dimen169
\pgf@xx=\dimen170
\pgf@xy=\dimen171
\pgf@yx=\dimen172
\pgf@yy=\dimen173
\pgf@zx=\dimen174
\pgf@zy=\dimen175
)
(/usr/local/texlive/2021/texmf-dist/tex/generic/pgf/basiclayer/pgfcorepathconst
ruct.code.tex
File: pgfcorepathconstruct.code.tex 2020/12/27 v3.1.8b (3.1.8b)
\pgf@path@lastx=\dimen176
\pgf@path@lasty=\dimen177
)
(/usr/local/texlive/2021/texmf-dist/tex/generic/pgf/basiclayer/pgfcorepathusage
.code.tex
File: pgfcorepathusage.code.tex 2020/12/27 v3.1.8b (3.1.8b)
\pgf@shorten@end@additional=\dimen178
\pgf@shorten@start@additional=\dimen179
)
(/usr/local/texlive/2021/texmf-dist/tex/generic/pgf/basiclayer/pgfcorescopes.co
de.tex
File: pgfcorescopes.code.tex 2020/12/27 v3.1.8b (3.1.8b)
\pgfpic=\box49
\pgf@hbox=\box50
\pgf@layerbox@main=\box51
\pgf@picture@serial@count=\count266
)
(/usr/local/texlive/2021/texmf-dist/tex/generic/pgf/basiclayer/pgfcoregraphicst
ate.code.tex
File: pgfcoregraphicstate.code.tex 2020/12/27 v3.1.8b (3.1.8b)
\pgflinewidth=\dimen180
)
(/usr/local/texlive/2021/texmf-dist/tex/generic/pgf/basiclayer/pgfcoretransform
ations.code.tex
File: pgfcoretransformations.code.tex 2020/12/27 v3.1.8b (3.1.8b)
\pgf@pt@x=\dimen181
\pgf@pt@y=\dimen182
\pgf@pt@temp=\dimen183
)
(/usr/local/texlive/2021/texmf-dist/tex/generic/pgf/basiclayer/pgfcorequick.cod
e.tex
File: pgfcorequick.code.tex 2020/12/27 v3.1.8b (3.1.8b)
)
(/usr/local/texlive/2021/texmf-dist/tex/generic/pgf/basiclayer/pgfcoreobjects.c
ode.tex
File: pgfcoreobjects.code.tex 2020/12/27 v3.1.8b (3.1.8b)
)
(/usr/local/texlive/2021/texmf-dist/tex/generic/pgf/basiclayer/pgfcorepathproce
ssing.code.tex
File: pgfcorepathprocessing.code.tex 2020/12/27 v3.1.8b (3.1.8b)
)
(/usr/local/texlive/2021/texmf-dist/tex/generic/pgf/basiclayer/pgfcorearrows.co
de.tex
File: pgfcorearrows.code.tex 2020/12/27 v3.1.8b (3.1.8b)
\pgfarrowsep=\dimen184
)
(/usr/local/texlive/2021/texmf-dist/tex/generic/pgf/basiclayer/pgfcoreshade.cod
e.tex
File: pgfcoreshade.code.tex 2020/12/27 v3.1.8b (3.1.8b)
\pgf@max=\dimen185
\pgf@sys@shading@range@num=\count267
\pgf@shadingcount=\count268
)
(/usr/local/texlive/2021/texmf-dist/tex/generic/pgf/basiclayer/pgfcoreimage.cod
e.tex
File: pgfcoreimage.code.tex 2020/12/27 v3.1.8b (3.1.8b)

(/usr/local/texlive/2021/texmf-dist/tex/generic/pgf/basiclayer/pgfcoreexternal.
code.tex
File: pgfcoreexternal.code.tex 2020/12/27 v3.1.8b (3.1.8b)
\pgfexternal@startupbox=\box52
))
(/usr/local/texlive/2021/texmf-dist/tex/generic/pgf/basiclayer/pgfcorelayers.co
de.tex
File: pgfcorelayers.code.tex 2020/12/27 v3.1.8b (3.1.8b)
)
(/usr/local/texlive/2021/texmf-dist/tex/generic/pgf/basiclayer/pgfcoretranspare
ncy.code.tex
File: pgfcoretransparency.code.tex 2020/12/27 v3.1.8b (3.1.8b)
)
(/usr/local/texlive/2021/texmf-dist/tex/generic/pgf/basiclayer/pgfcorepatterns.
code.tex
File: pgfcorepatterns.code.tex 2020/12/27 v3.1.8b (3.1.8b)
)
(/usr/local/texlive/2021/texmf-dist/tex/generic/pgf/basiclayer/pgfcorerdf.code.
tex
File: pgfcorerdf.code.tex 2020/12/27 v3.1.8b (3.1.8b)
)))
(/usr/local/texlive/2021/texmf-dist/tex/generic/pgf/modules/pgfmoduleshapes.cod
e.tex
File: pgfmoduleshapes.code.tex 2020/12/27 v3.1.8b (3.1.8b)
\pgfnodeparttextbox=\box53
)
(/usr/local/texlive/2021/texmf-dist/tex/generic/pgf/modules/pgfmoduleplot.code.
tex
File: pgfmoduleplot.code.tex 2020/12/27 v3.1.8b (3.1.8b)
)
(/usr/local/texlive/2021/texmf-dist/tex/latex/pgf/compatibility/pgfcomp-version
-0-65.sty
Package: pgfcomp-version-0-65 2020/12/27 v3.1.8b (3.1.8b)
\pgf@nodesepstart=\dimen186
\pgf@nodesepend=\dimen187
)
(/usr/local/texlive/2021/texmf-dist/tex/latex/pgf/compatibility/pgfcomp-version
-1-18.sty
Package: pgfcomp-version-1-18 2020/12/27 v3.1.8b (3.1.8b)
)) (/usr/local/texlive/2021/texmf-dist/tex/latex/tools/verbatim.sty
Package: verbatim 2020-07-07 v1.5u LaTeX2e package for verbatim enhancements
\every@verbatim=\toks29
\verbatim@line=\toks30
\verbatim@in@stream=\read3
)
(/usr/local/texlive/2021/texmf-dist/tex/latex/environ/environ.sty
Package: environ 2014/05/04 v0.3 A new way to define environments

(/usr/local/texlive/2021/texmf-dist/tex/latex/trimspaces/trimspaces.sty
Package: trimspaces 2009/09/17 v1.1 Trim spaces around a token list
)
\@envbody=\toks31
)
(/usr/local/texlive/2021/texmf-dist/tex/latex/etoolbox/etoolbox.sty
Package: etoolbox 2020/10/05 v2.5k e-TeX tools for LaTeX (JAW)
\etb@tempcnta=\count269
)
\tcb@titlebox=\box54
\tcb@upperbox=\box55
\tcb@lowerbox=\box56
\tcb@phantombox=\box57
\c@tcbbreakpart=\count270
\c@tcblayer=\count271
\c@tcolorbox@number=\count272
\tcb@temp=\box58
\tcb@temp=\box59
\tcb@temp=\box60
\tcb@temp=\box61
\tcb@out=\write4
\tcb@record@out=\write5
)
(/usr/local/texlive/2021/texmf-dist/tex/latex/lineno/lineno.sty
Package: lineno 2005/11/02 line numbers on paragraphs v4.41
\linenopenalty=\count273
\output=\toks32
\linenoprevgraf=\count274
\linenumbersep=\dimen188
\linenumberwidth=\dimen189
\c@linenumber=\count275
\c@pagewiselinenumber=\count276
\c@LN@truepage=\count277
\c@internallinenumber=\count278
\c@internallinenumbers=\count279
\quotelinenumbersep=\dimen190
\bframerule=\dimen191
\bframesep=\dimen192
\bframebox=\box62
LaTeX Info: Redefining \\ on input line 3056.
)
(/usr/local/texlive/2021/texmf-dist/tex/latex/amsmath/amsmath.sty
Package: amsmath 2020/09/23 v2.17i AMS math features
\@mathmargin=\skip49

For additional information on amsmath, use the `?' option.
(/usr/local/texlive/2021/texmf-dist/tex/latex/amsmath/amstext.sty
Package: amstext 2000/06/29 v2.01 AMS text

(/usr/local/texlive/2021/texmf-dist/tex/latex/amsmath/amsgen.sty
File: amsgen.sty 1999/11/30 v2.0 generic functions
\@emptytoks=\toks33
\ex@=\dimen193
))
(/usr/local/texlive/2021/texmf-dist/tex/latex/amsmath/amsbsy.sty
Package: amsbsy 1999/11/29 v1.2d Bold Symbols
\pmbraise@=\dimen194
)
(/usr/local/texlive/2021/texmf-dist/tex/latex/amsmath/amsopn.sty
Package: amsopn 2016/03/08 v2.02 operator names
)
\inf@bad=\count280
LaTeX Info: Redefining \frac on input line 234.
\uproot@=\count281
\leftroot@=\count282
LaTeX Info: Redefining \overline on input line 399.
\classnum@=\count283
\DOTSCASE@=\count284
LaTeX Info: Redefining \ldots on input line 496.
LaTeX Info: Redefining \dots on input line 499.
LaTeX Info: Redefining \cdots on input line 620.
\Mathstrutbox@=\box63
\strutbox@=\box64
\big@size=\dimen195
LaTeX Font Info:    Redeclaring font encoding OML on input line 743.
LaTeX Font Info:    Redeclaring font encoding OMS on input line 744.
\macc@depth=\count285
\c@MaxMatrixCols=\count286
\dotsspace@=\muskip16
\c@parentequation=\count287
\dspbrk@lvl=\count288
\tag@help=\toks34
\row@=\count289
\column@=\count290
\maxfields@=\count291
\andhelp@=\toks35
\eqnshift@=\dimen196
\alignsep@=\dimen197
\tagshift@=\dimen198
\tagwidth@=\dimen199
\totwidth@=\dimen256
\lineht@=\dimen257
\@envbody=\toks36
\multlinegap=\skip50
\multlinetaggap=\skip51
\mathdisplay@stack=\toks37
LaTeX Info: Redefining \[ on input line 2923.
LaTeX Info: Redefining \] on input line 2924.
)
(/usr/local/texlive/2021/texmf-dist/tex/latex/endnotes/endnotes.sty
Package: endnotes 2020-01-02 endnotes package
\c@endnote=\count292
\endnotesep=\dimen258
\@enotes=\write6
)
(/usr/local/texlive/2021/texmf-dist/tex/latex/appendix/appendix.sty
Package: appendix 2020/02/08 v1.2c extra appendix facilities
\c@@pps=\count293
\c@@ppsavesec=\count294
\c@@ppsaveapp=\count295
)
(/usr/local/texlive/2021/texmf-dist/tex/latex/minted/minted.sty
Package: minted 2017/07/19 v2.5 Yet another Pygments shim for LaTeX

(/usr/local/texlive/2021/texmf-dist/tex/latex/kvoptions/kvoptions.sty
Package: kvoptions 2020-10-07 v3.14 Key value format for package options (HO)

(/usr/local/texlive/2021/texmf-dist/tex/generic/ltxcmds/ltxcmds.sty
Package: ltxcmds 2020-05-10 v1.25 LaTeX kernel commands for general use (HO)
)
(/usr/local/texlive/2021/texmf-dist/tex/generic/kvsetkeys/kvsetkeys.sty
Package: kvsetkeys 2019/12/15 v1.18 Key value parser (HO)
))
(/usr/local/texlive/2021/texmf-dist/tex/latex/fvextra/fvextra.sty
Package: fvextra 2019/02/04 v1.4 fvextra - extensions and patches for fancyvrb

(/usr/local/texlive/2021/texmf-dist/tex/latex/base/ifthen.sty
Package: ifthen 2014/09/29 v1.1c Standard LaTeX ifthen package (DPC)
)
(/usr/local/texlive/2021/texmf-dist/tex/latex/fancyvrb/fancyvrb.sty
Package: fancyvrb 2021/01/20 v3.7 verbatim text (tvz,hv)
\FV@CodeLineNo=\count296
\FV@InFile=\read4
\FV@TabBox=\box65
\c@FancyVerbLine=\count297
\FV@StepNumber=\count298
\FV@OutFile=\write7
)
(/usr/local/texlive/2021/texmf-dist/tex/latex/upquote/upquote.sty
Package: upquote 2012/04/19 v1.3 upright-quote and grave-accent glyphs in verba
tim
)
\c@FV@TrueTabGroupLevel=\count299
\c@FV@TrueTabCounter=\count300
\FV@TabBox@Group=\box66
\FV@TmpLength=\skip52
\c@FV@HighlightLinesStart=\count301
\c@FV@HighlightLinesStop=\count302
\FV@LoopCount=\count303
\FV@NCharsBox=\box67
\FV@BreakIndent=\dimen259
\FV@BreakIndentNChars=\count304
\FV@BreakSymbolSepLeft=\dimen260
\FV@BreakSymbolSepLeftNChars=\count305
\FV@BreakSymbolSepRight=\dimen261
\FV@BreakSymbolSepRightNChars=\count306
\FV@BreakSymbolIndentLeft=\dimen262
\FV@BreakSymbolIndentLeftNChars=\count307
\FV@BreakSymbolIndentRight=\dimen263
\FV@BreakSymbolIndentRightNChars=\count308
\c@FancyVerbLineBreakLast=\count309
\FV@LineBox=\box68
\FV@LineIndentBox=\box69
\FV@LineWidth=\dimen264
)
(/usr/local/texlive/2021/texmf-dist/tex/latex/tools/calc.sty
Package: calc 2017/05/25 v4.3 Infix arithmetic (KKT,FJ)
\calc@Acount=\count310
\calc@Bcount=\count311
\calc@Adimen=\dimen265
\calc@Bdimen=\dimen266
\calc@Askip=\skip53
\calc@Bskip=\skip54
LaTeX Info: Redefining \setlength on input line 80.
LaTeX Info: Redefining \addtolength on input line 81.
\calc@Ccount=\count312
\calc@Cskip=\skip55
)
(/usr/local/texlive/2021/texmf-dist/tex/latex/tools/shellesc.sty
Package: shellesc 2019/11/08 v1.0c unified shell escape interface for LaTeX
Package shellesc Info: Unrestricted shell escape enabled on input line 75.
)
(/usr/local/texlive/2021/texmf-dist/tex/latex/ifplatform/ifplatform.sty
Package: ifplatform 2017/10/13 v0.4a Testing for the operating system

(/usr/local/texlive/2021/texmf-dist/tex/generic/pdftexcmds/pdftexcmds.sty
Package: pdftexcmds 2020-06-27 v0.33 Utility functions of pdfTeX for LuaTeX (HO
)

(/usr/local/texlive/2021/texmf-dist/tex/generic/infwarerr/infwarerr.sty
Package: infwarerr 2019/12/03 v1.5 Providing info/warning/error messages (HO)
)
Package pdftexcmds Info: \pdf@primitive is available.
Package pdftexcmds Info: \pdf@ifprimitive is available.
Package pdftexcmds Info: \pdfdraftmode found.
)
(/usr/local/texlive/2021/texmf-dist/tex/generic/catchfile/catchfile.sty
Package: catchfile 2019/12/09 v1.8 Catch the contents of a file (HO)

(/usr/local/texlive/2021/texmf-dist/tex/generic/etexcmds/etexcmds.sty
Package: etexcmds 2019/12/15 v1.7 Avoid name clashes with e-TeX commands (HO)
))
(/usr/local/texlive/2021/texmf-dist/tex/generic/iftex/ifluatex.sty
Package: ifluatex 2019/10/25 v1.5 ifluatex legacy package. Use iftex instead.
)
runsystem(uname -s > "notes.w18")...executed.


(./notes.w18)
runsystem(rm -- "notes.w18")...executed.

)
(/usr/local/texlive/2021/texmf-dist/tex/generic/xstring/xstring.sty
(/usr/local/texlive/2021/texmf-dist/tex/generic/xstring/xstring.tex
\integerpart=\count313
\decimalpart=\count314
)
Package: xstring 2019/02/06 v1.83 String manipulations (CT)
)
(/usr/local/texlive/2021/texmf-dist/tex/latex/framed/framed.sty
Package: framed 2011/10/22 v 0.96: framed or shaded text with page breaks
\OuterFrameSep=\skip56
\fb@frw=\dimen267
\fb@frh=\dimen268
\FrameRule=\dimen269
\FrameSep=\dimen270
)
(/usr/local/texlive/2021/texmf-dist/tex/latex/newfloat/newfloat.sty
Package: newfloat 2019/09/02 v1.1l Defining new floating environments (AR)
Package newfloat Info: Document class `book' detected.
)
\minted@appexistsfile=\read5
\minted@bgbox=\box70
\minted@code=\write8
\c@minted@FancyVerbLineTemp=\count315
\c@minted@pygmentizecounter=\count316
Package newfloat Info: New float `listing' with options `fileext=lol,placement=
tbp' on input line 1151.
\c@listing=\count317
\newfloat@ftype=\count318
Package newfloat Info: float type `listing'=8 on input line 1151.
)
runsystem(mkdir -p _minted-notes)...executed.



! LaTeX Error: Option clash for package tcolorbox.

See the LaTeX manual or LaTeX Companion for explanation.
Type  H <return>  for immediate help.
 ...                                              
                                                  
l.26 \newcommand
                {\txtmint}[1]{\mintinline[fontsize=\scriptsize, bgcolor=Gray...

The package tcolorbox has already been loaded with options:
  []
There has now been an attempt to load it with options
  [many]
Adding the global options:
  ,many
to your \documentclass declaration may fix this.
Try typing  <return>  to proceed.

(/usr/local/texlive/2021/texmf-dist/tex/latex/tcolorbox/tcbminted.code.tex
Library (tcolorbox): 'tcbminted.code.tex' version '4.42'

(/usr/local/texlive/2021/texmf-dist/tex/latex/tcolorbox/tcblistingscore.code.te
x
Library (tcolorbox): 'tcblistingscore.code.tex' version '4.42'
(/usr/local/texlive/2021/texmf-dist/tex/latex/tcolorbox/tcbprocessing.code.tex
Library (tcolorbox): 'tcbprocessing.code.tex' version '4.42'
)
\c@tcblisting=\count319
)) (/usr/local/texlive/2021/texmf-dist/tex/latex/tcolorbox/tcbskins.code.tex
Library (tcolorbox): 'tcbskins.code.tex' version '4.42'
(/usr/local/texlive/2021/texmf-dist/tex/latex/pgf/frontendlayer/tikz.sty
(/usr/local/texlive/2021/texmf-dist/tex/latex/pgf/utilities/pgffor.sty
(/usr/local/texlive/2021/texmf-dist/tex/latex/pgf/utilities/pgfkeys.sty
(/usr/local/texlive/2021/texmf-dist/tex/generic/pgf/utilities/pgfkeys.code.tex)
) (/usr/local/texlive/2021/texmf-dist/tex/latex/pgf/math/pgfmath.sty
(/usr/local/texlive/2021/texmf-dist/tex/generic/pgf/math/pgfmath.code.tex))
(/usr/local/texlive/2021/texmf-dist/tex/generic/pgf/utilities/pgffor.code.tex
Package: pgffor 2020/12/27 v3.1.8b (3.1.8b)

(/usr/local/texlive/2021/texmf-dist/tex/generic/pgf/math/pgfmath.code.tex)
\pgffor@iter=\dimen271
\pgffor@skip=\dimen272
\pgffor@stack=\toks38
\pgffor@toks=\toks39
))
(/usr/local/texlive/2021/texmf-dist/tex/generic/pgf/frontendlayer/tikz/tikz.cod
e.tex
Package: tikz 2020/12/27 v3.1.8b (3.1.8b)

(/usr/local/texlive/2021/texmf-dist/tex/generic/pgf/libraries/pgflibraryplothan
dlers.code.tex
File: pgflibraryplothandlers.code.tex 2020/12/27 v3.1.8b (3.1.8b)
\pgf@plot@mark@count=\count320
\pgfplotmarksize=\dimen273
)
\tikz@lastx=\dimen274
\tikz@lasty=\dimen275
\tikz@lastxsaved=\dimen276
\tikz@lastysaved=\dimen277
\tikz@lastmovetox=\dimen278
\tikz@lastmovetoy=\dimen279
\tikzleveldistance=\dimen280
\tikzsiblingdistance=\dimen281
\tikz@figbox=\box71
\tikz@figbox@bg=\box72
\tikz@tempbox=\box73
\tikz@tempbox@bg=\box74
\tikztreelevel=\count321
\tikznumberofchildren=\count322
\tikznumberofcurrentchild=\count323
\tikz@fig@count=\count324

(/usr/local/texlive/2021/texmf-dist/tex/generic/pgf/modules/pgfmodulematrix.cod
e.tex
File: pgfmodulematrix.code.tex 2020/12/27 v3.1.8b (3.1.8b)
\pgfmatrixcurrentrow=\count325
\pgfmatrixcurrentcolumn=\count326
\pgf@matrix@numberofcolumns=\count327
)
\tikz@expandcount=\count328

(/usr/local/texlive/2021/texmf-dist/tex/generic/pgf/frontendlayer/tikz/librarie
s/tikzlibrarytopaths.code.tex
File: tikzlibrarytopaths.code.tex 2020/12/27 v3.1.8b (3.1.8b)
)))
\tcb@waterbox=\box75

(/usr/local/texlive/2021/texmf-dist/tex/latex/tcolorbox/tcbskinsjigsaw.code.tex
Library (tcolorbox): 'tcbskinsjigsaw.code.tex' version '4.42'
))
(/usr/local/texlive/2021/texmf-dist/tex/latex/tcolorbox/tcbbreakable.code.tex
Library (tcolorbox): 'tcbbreakable.code.tex' version '4.42'
(/usr/local/texlive/2021/texmf-dist/tex/generic/oberdiek/pdfcol.sty
Package: pdfcol 2019/12/29 v1.6 Handle new color stacks for pdfTeX (HO)
)
Package pdfcol Info: New color stack `tcb@breakable' = 1 on input line 23.
\tcb@testbox=\box76
\tcb@totalupperbox=\box77
\tcb@totallowerbox=\box78
)
(/usr/local/texlive/2021/texmf-dist/tex/latex/booktabs/booktabs.sty
Package: booktabs 2020/01/12 v1.61803398 Publication quality tables
\heavyrulewidth=\dimen282
\lightrulewidth=\dimen283
\cmidrulewidth=\dimen284
\belowrulesep=\dimen285
\belowbottomsep=\dimen286
\aboverulesep=\dimen287
\abovetopsep=\dimen288
\cmidrulesep=\dimen289
\cmidrulekern=\dimen290
\defaultaddspace=\dimen291
\@cmidla=\count329
\@cmidlb=\count330
\@aboverulesep=\dimen292
\@belowrulesep=\dimen293
\@thisruleclass=\count331
\@lastruleclass=\count332
\@thisrulewidth=\dimen294
)
(/usr/local/texlive/2021/texmf-dist/tex/latex/tools/tabularx.sty
Package: tabularx 2020/01/15 v2.11c `tabularx' package (DPC)

(/usr/local/texlive/2021/texmf-dist/tex/latex/tools/array.sty
Package: array 2020/10/01 v2.5c Tabular extension package (FMi)
\col@sep=\dimen295
\ar@mcellbox=\box79
\extrarowheight=\dimen296
\NC@list=\toks40
\extratabsurround=\skip57
\backup@length=\skip58
\ar@cellbox=\box80
)
\TX@col@width=\dimen297
\TX@old@table=\dimen298
\TX@old@col=\dimen299
\TX@target=\dimen300
\TX@delta=\dimen301
\TX@cols=\count333
\TX@ftn=\toks41
)
(/usr/local/texlive/2021/texmf-dist/tex/latex/ragged2e/ragged2e.sty
Package: ragged2e 2021/02/05 v3.0 ragged2e Package

(/usr/local/texlive/2021/texmf-dist/tex/latex/everysel/everysel.sty
Package: everysel 2021/01/20 v2.1 EverySelectfont Package (MS)

(/usr/local/texlive/2021/texmf-dist/tex/latex/everysel/everysel-2011-10-28.sty)
)
\CenteringLeftskip=\skip59
\RaggedLeftLeftskip=\skip60
\RaggedRightLeftskip=\skip61
\CenteringRightskip=\skip62
\RaggedLeftRightskip=\skip63
\RaggedRightRightskip=\skip64
\CenteringParfillskip=\skip65
\RaggedLeftParfillskip=\skip66
\RaggedRightParfillskip=\skip67
\JustifyingParfillskip=\skip68
\CenteringParindent=\skip69
\RaggedLeftParindent=\skip70
\RaggedRightParindent=\skip71
\JustifyingParindent=\skip72
) (/usr/local/texlive/2021/texmf-dist/tex/latex/multirow/multirow.sty
Package: multirow 2021/03/15 v2.8 Span multiple rows of a table
\multirow@colwidth=\skip73
\multirow@cntb=\count334
\multirow@dima=\skip74
\bigstrutjot=\dimen302
)
(/usr/local/texlive/2021/texmf-dist/tex/latex/siunitx/siunitx.sty
(/usr/local/texlive/2021/texmf-dist/tex/latex/l3kernel/expl3.sty
Package: expl3 2021-02-18 L3 programming layer (loader) 

(/usr/local/texlive/2021/texmf-dist/tex/latex/l3backend/l3backend-pdftex.def
File: l3backend-pdftex.def 2021-03-18 L3 backend support: PDF output (pdfTeX)
\l__color_backend_stack_int=\count335
\l__pdf_internal_box=\box81
))
(/usr/local/texlive/2021/texmf-dist/tex/latex/l3packages/xparse/xparse.sty
(/usr/local/texlive/2021/texmf-dist/tex/latex/l3packages/xparse/xparse-2020-10-
01.sty
(/usr/local/texlive/2021/texmf-dist/tex/latex/l3packages/xparse/xparse-generic.
tex)))
Package: siunitx 2020/02/25 v2.8b A comprehensive (SI) units package

(/usr/local/texlive/2021/texmf-dist/tex/latex/l3packages/l3keys2e/l3keys2e.sty
Package: l3keys2e 2021-03-12 LaTeX2e option processing using LaTeX3 keys
)
\l__siunitx_tmp_box=\box82
\l__siunitx_tmp_dim=\dimen303
\l__siunitx_tmp_int=\count336
\l__siunitx_number_mantissa_length_int=\count337
\l__siunitx_number_uncert_length_int=\count338
\l__siunitx_round_int=\count339
\l__siunitx_process_decimal_int=\count340
\l__siunitx_process_uncertainty_int=\count341
\l__siunitx_process_fixed_int=\count342
\l__siunitx_process_integer_min_int=\count343
\l__siunitx_process_precision_int=\count344
\l__siunitx_group_min_int=\count345
\l__siunitx_angle_marker_box=\box83
\l__siunitx_angle_unit_box=\box84
\l__siunitx_angle_marker_dim=\dimen304
\l__siunitx_angle_unit_dim=\dimen305
\l__siunitx_unit_int=\count346
\l__siunitx_unit_denominator_int=\count347
\l__siunitx_unit_numerator_int=\count348
\l__siunitx_unit_prefix_int=\count349
\l__siunitx_unit_prefix_base_int=\count350
\l__siunitx_unit_prefix_gram_int=\count351
\l__siunitx_number_product_int=\count352
\c__siunitx_one_fill_skip=\skip75
\l__siunitx_table_unit_align_skip=\skip76
\l__siunitx_table_exponent_dim=\dimen306
\l__siunitx_table_integer_dim=\dimen307
\l__siunitx_table_mantissa_dim=\dimen308
\l__siunitx_table_marker_dim=\dimen309
\l__siunitx_table_result_dim=\dimen310
\l__siunitx_table_uncert_dim=\dimen311
\l__siunitx_table_fill_pre_dim=\dimen312
\l__siunitx_table_fill_post_dim=\dimen313
\l__siunitx_table_fill_mid_dim=\dimen314
\l__siunitx_table_pre_box=\box85
\l__siunitx_table_post_box=\box86
\l__siunitx_table_mantissa_box=\box87
\l__siunitx_table_result_box=\box88
\l__siunitx_table_number_align_skip=\skip77
\l__siunitx_table_text_align_skip=\skip78
(/usr/local/texlive/2021/texmf-dist/tex/latex/translator/translator.sty
Package: translator 2020-08-03 v1.12c Easy translation of strings in LaTeX
))
(/usr/local/texlive/2021/texmf-dist/tex/latex/adjustbox/adjustbox.sty
Package: adjustbox 2020/08/19 v1.3 Adjusting TeX boxes (trim, clip, ...)

(/usr/local/texlive/2021/texmf-dist/tex/latex/xkeyval/xkeyval.sty
Package: xkeyval 2020/11/20 v2.8 package option processing (HA)

(/usr/local/texlive/2021/texmf-dist/tex/generic/xkeyval/xkeyval.tex
(/usr/local/texlive/2021/texmf-dist/tex/generic/xkeyval/xkvutils.tex
\XKV@toks=\toks42
\XKV@tempa@toks=\toks43
)
\XKV@depth=\count353
File: xkeyval.tex 2014/12/03 v2.7a key=value parser (HA)
))
(/usr/local/texlive/2021/texmf-dist/tex/latex/adjustbox/adjcalc.sty
Package: adjcalc 2012/05/16 v1.1 Provides advanced setlength with multiple back
-ends (calc, etex, pgfmath)
)
(/usr/local/texlive/2021/texmf-dist/tex/latex/adjustbox/trimclip.sty
Package: trimclip 2020/08/19 v1.2 Trim and clip general TeX material

(/usr/local/texlive/2021/texmf-dist/tex/latex/collectbox/collectbox.sty
Package: collectbox 2012/05/17 v0.4b Collect macro arguments as boxes
\collectedbox=\box89
)
\tc@llx=\dimen315
\tc@lly=\dimen316
\tc@urx=\dimen317
\tc@ury=\dimen318
Package trimclip Info: Using driver 'tc-pdftex.def'.

(/usr/local/texlive/2021/texmf-dist/tex/latex/adjustbox/tc-pdftex.def
File: tc-pdftex.def 2019/01/04 v2.2 Clipping driver for pdftex
))
\adjbox@Width=\dimen319
\adjbox@Height=\dimen320
\adjbox@Depth=\dimen321
\adjbox@Totalheight=\dimen322
\adjbox@pwidth=\dimen323
\adjbox@pheight=\dimen324
\adjbox@pdepth=\dimen325
\adjbox@ptotalheight=\dimen326

(/usr/local/texlive/2021/texmf-dist/tex/latex/ifoddpage/ifoddpage.sty
Package: ifoddpage 2016/04/23 v1.1 Conditionals for odd/even page detection
\c@checkoddpage=\count354
)
(/usr/local/texlive/2021/texmf-dist/tex/latex/varwidth/varwidth.sty
Package: varwidth 2009/03/30 ver 0.92;  Variable-width minipages
\@vwid@box=\box90
\sift@deathcycles=\count355
\@vwid@loff=\dimen327
\@vwid@roff=\dimen328
))
(/usr/local/texlive/2021/texmf-dist/tex/latex/graphics/rotating.sty
Package: rotating 2016/08/11 v2.16d rotated objects in LaTeX
\c@r@tfl@t=\count356
\rotFPtop=\skip79
\rotFPbot=\skip80
\rot@float@box=\box91
\rot@mess@toks=\toks44
)
(/usr/local/texlive/2021/texmf-dist/tex/latex/threeparttable/threeparttable.sty
Package: threeparttable 2003/06/13  v 3.0
\@tempboxb=\box92
) (/usr/local/texlive/2021/texmf-dist/tex/latex/caption/caption.sty
Package: caption 2020/10/26 v3.5g Customizing captions (AR)

(/usr/local/texlive/2021/texmf-dist/tex/latex/caption/caption3.sty
Package: caption3 2020/10/21 v2.2e caption3 kernel (AR)
\captionmargin=\dimen329
\captionmargin@=\dimen330
\captionwidth=\dimen331
\caption@tempdima=\dimen332
\caption@indent=\dimen333
\caption@parindent=\dimen334
\caption@hangindent=\dimen335
Package caption Info: Standard document class detected.
)
\c@caption@flags=\count357
\c@continuedfloat=\count358
Package caption Info: rotating package is loaded.
Package caption Info: threeparttable package is loaded.
)
(/usr/local/texlive/2021/texmf-dist/tex/latex/paracol/paracol.sty
Package: paracol 2018/12/31 v1.35 
\pcol@currcol=\count359
\pcol@nextcol=\count360
\pcol@ncol=\count361
\pcol@ncolleft=\count362
\pcol@page=\count363
\pcol@basepage=\count364
\pcol@toppage=\count365
\pcol@footnotebase=\count366
\pcol@nfootnotes=\count367
\pcol@mcid=\count368
\pcol@prevdepth=\dimen336
\pcol@colht=\dimen337
\pcol@textfloatsep=\dimen338
\pcol@lrmargin=\dimen339
\pagerim=\dimen340
\pcol@topskip=\skip81
\belowfootnoteskip=\skip82
\pcol@topfnotes=\box93
\pcol@prespan=\box94
\pcol@rightpage=\box95
\pcol@colorstack@saved=\box96
\pcol@tempboxa=\box97
\pcol@tempboxb=\box98
\pcol@colorins=\insert252
\pcol@everyvbox=\toks45
)
\mybox=\box99

(/usr/local/texlive/2021/texmf-dist/tex/latex/hyperref/hyperref.sty
Package: hyperref 2021-02-27 v7.00k Hypertext links for LaTeX

(/usr/local/texlive/2021/texmf-dist/tex/generic/kvdefinekeys/kvdefinekeys.sty
Package: kvdefinekeys 2019-12-19 v1.6 Define keys (HO)
)
(/usr/local/texlive/2021/texmf-dist/tex/generic/pdfescape/pdfescape.sty
Package: pdfescape 2019/12/09 v1.15 Implements pdfTeX's escape features (HO)
)
(/usr/local/texlive/2021/texmf-dist/tex/latex/hycolor/hycolor.sty
Package: hycolor 2020-01-27 v1.10 Color options for hyperref/bookmark (HO)
)
(/usr/local/texlive/2021/texmf-dist/tex/latex/letltxmacro/letltxmacro.sty
Package: letltxmacro 2019/12/03 v1.6 Let assignment for LaTeX macros (HO)
)
(/usr/local/texlive/2021/texmf-dist/tex/latex/auxhook/auxhook.sty
Package: auxhook 2019-12-17 v1.6 Hooks for auxiliary files (HO)
)
\@linkdim=\dimen341
\Hy@linkcounter=\count369
\Hy@pagecounter=\count370

(/usr/local/texlive/2021/texmf-dist/tex/latex/hyperref/pd1enc.def
File: pd1enc.def 2021-02-27 v7.00k Hyperref: PDFDocEncoding definition (HO)
Now handling font encoding PD1 ...
... no UTF-8 mapping file for font encoding PD1
)
(/usr/local/texlive/2021/texmf-dist/tex/latex/hyperref/hyperref-langpatches.def
File: hyperref-langpatches.def 2021-02-27 v7.00k Hyperref: patches for babel la
nguages
) (/usr/local/texlive/2021/texmf-dist/tex/generic/intcalc/intcalc.sty
Package: intcalc 2019/12/15 v1.3 Expandable calculations with integers (HO)
)
\Hy@SavedSpaceFactor=\count371

(/usr/local/texlive/2021/texmf-dist/tex/latex/hyperref/puenc.def
File: puenc.def 2021-02-27 v7.00k Hyperref: PDF Unicode definition (HO)
Now handling font encoding PU ...
... no UTF-8 mapping file for font encoding PU
)
Package hyperref Info: Option `colorlinks' set `true' on input line 4073.
Package hyperref Info: Hyper figures OFF on input line 4192.
Package hyperref Info: Link nesting OFF on input line 4197.
Package hyperref Info: Hyper index ON on input line 4200.
Package hyperref Info: Plain pages OFF on input line 4207.
Package hyperref Info: Backreferencing OFF on input line 4212.
Package hyperref Info: Implicit mode ON; LaTeX internals redefined.
Package hyperref Info: Bookmarks ON on input line 4445.
\c@Hy@tempcnt=\count372

(/usr/local/texlive/2021/texmf-dist/tex/latex/url/url.sty
\Urlmuskip=\muskip17
Package: url 2013/09/16  ver 3.4  Verb mode for urls, etc.
)
LaTeX Info: Redefining \url on input line 4804.
\XeTeXLinkMargin=\dimen342

(/usr/local/texlive/2021/texmf-dist/tex/generic/bitset/bitset.sty
Package: bitset 2019/12/09 v1.3 Handle bit-vector datatype (HO)

(/usr/local/texlive/2021/texmf-dist/tex/generic/bigintcalc/bigintcalc.sty
Package: bigintcalc 2019/12/15 v1.5 Expandable calculations on big integers (HO
)
))
\Fld@menulength=\count373
\Field@Width=\dimen343
\Fld@charsize=\dimen344
Package hyperref Info: Hyper figures OFF on input line 6075.
Package hyperref Info: Link nesting OFF on input line 6080.
Package hyperref Info: Hyper index ON on input line 6083.
Package hyperref Info: backreferencing OFF on input line 6090.
Package hyperref Info: Link coloring ON on input line 6093.
Package hyperref Info: Link coloring with OCG OFF on input line 6100.
Package hyperref Info: PDF/A mode OFF on input line 6105.
LaTeX Info: Redefining \ref on input line 6145.
LaTeX Info: Redefining \pageref on input line 6149.

(/usr/local/texlive/2021/texmf-dist/tex/latex/base/atbegshi-ltx.sty
Package: atbegshi-ltx 2020/08/17 v1.0a Emulation of the original atbegshi packa
ge
with kernel methods
)
\Hy@abspage=\count374
\c@Item=\count375
\c@Hfootnote=\count376
)
Package hyperref Info: Driver (autodetected): hpdftex.

(/usr/local/texlive/2021/texmf-dist/tex/latex/hyperref/hpdftex.def
File: hpdftex.def 2021-02-27 v7.00k Hyperref driver for pdfTeX

(/usr/local/texlive/2021/texmf-dist/tex/latex/base/atveryend-ltx.sty
Package: atveryend-ltx 2020/08/19 v1.0a Emulation of the original atvery packag
e
with kernel methods
)
\Fld@listcount=\count377
\c@bookmark@seq@number=\count378

(/usr/local/texlive/2021/texmf-dist/tex/latex/rerunfilecheck/rerunfilecheck.sty
Package: rerunfilecheck 2019/12/05 v1.9 Rerun checks for auxiliary files (HO)

(/usr/local/texlive/2021/texmf-dist/tex/generic/uniquecounter/uniquecounter.sty
Package: uniquecounter 2019/12/15 v1.4 Provide unlimited unique counter (HO)
)
Package uniquecounter Info: New unique counter `rerunfilecheck' on input line 2
86.
)
\Hy@SectionHShift=\skip83
) (/usr/local/texlive/2021/texmf-dist/tex/latex/lipsum/lipsum.sty
Package: lipsum 2021-03-03 v2.3 150 paragraphs of Lorem Ipsum dummy text

(/usr/local/texlive/2021/texmf-dist/tex/latex/lipsum/lipsum.ltd.tex
File: lipsum.ltd.tex 2021-03-03 v2.3 The Lorem ipsum dummy text
))
runsystem(which pygmentize && touch notes.aex)...executed.

runsystem(rm notes.aex)...executed.


(./notes.aux)
\openout1 = `notes.aux'.

LaTeX Font Info:    Checking defaults for OML/cmm/m/it on input line 144.
LaTeX Font Info:    ... okay on input line 144.
LaTeX Font Info:    Checking defaults for OMS/cmsy/m/n on input line 144.
LaTeX Font Info:    ... okay on input line 144.
LaTeX Font Info:    Checking defaults for OT1/cmr/m/n on input line 144.
LaTeX Font Info:    ... okay on input line 144.
LaTeX Font Info:    Checking defaults for T1/cmr/m/n on input line 144.
LaTeX Font Info:    ... okay on input line 144.
LaTeX Font Info:    Checking defaults for TS1/cmr/m/n on input line 144.
LaTeX Font Info:    ... okay on input line 144.
LaTeX Font Info:    Checking defaults for OMX/cmex/m/n on input line 144.
LaTeX Font Info:    ... okay on input line 144.
LaTeX Font Info:    Checking defaults for U/cmr/m/n on input line 144.
LaTeX Font Info:    ... okay on input line 144.
LaTeX Font Info:    Checking defaults for PD1/pdf/m/n on input line 144.
LaTeX Font Info:    ... okay on input line 144.
LaTeX Font Info:    Checking defaults for PU/pdf/m/n on input line 144.
LaTeX Font Info:    ... okay on input line 144.

(/usr/local/texlive/2021/texmf-dist/tex/context/base/mkii/supp-pdf.mkii
[Loading MPS to PDF converter (version 2006.09.02).]
\scratchcounter=\count379
\scratchdimen=\dimen345
\scratchbox=\box100
\nofMPsegments=\count380
\nofMParguments=\count381
\everyMPshowfont=\toks46
\MPscratchCnt=\count382
\MPscratchDim=\dimen346
\MPnumerator=\count383
\makeMPintoPDFobject=\count384
\everyMPtoPDFconversion=\toks47
) (/usr/local/texlive/2021/texmf-dist/tex/latex/epstopdf-pkg/epstopdf-base.sty
Package: epstopdf-base 2020-01-24 v2.11 Base part for package epstopdf
Package epstopdf-base Info: Redefining graphics rule for `.eps' on input line 4
85.

(/usr/local/texlive/2021/texmf-dist/tex/latex/latexconfig/epstopdf-sys.cfg
File: epstopdf-sys.cfg 2010/07/13 v1.3 Configuration of (r)epstopdf for TeX Liv
e
))
*geometry* driver: auto-detecting
*geometry* detected driver: pdftex
*geometry* verbose mode - [ preamble ] result:
* driver: pdftex
* paper: a4paper
* layout: <same size as paper>
* layoutoffset:(h,v)=(0.0pt,0.0pt)
* modes: twoside 
* h-part:(L,W,R)=(56.9055pt, 483.69687pt, 56.9055pt)
* v-part:(T,H,B)=(56.9055pt, 731.23584pt, 56.9055pt)
* \paperwidth=597.50787pt
* \paperheight=845.04684pt
* \textwidth=483.69687pt
* \textheight=731.23584pt
* \oddsidemargin=-15.36449pt
* \evensidemargin=-15.36449pt
* \topmargin=-47.23828pt
* \headheight=12.0pt
* \headsep=19.8738pt
* \topskip=11.0pt
* \footskip=27.46295pt
* \marginparwidth=106.0pt
* \marginparsep=7.0pt
* \columnsep=10.0pt
* \skip\footins=10.0pt plus 4.0pt minus 2.0pt
* \hoffset=0.0pt
* \voffset=0.0pt
* \mag=1000
* \@twocolumnfalse
* \@twosidetrue
* \@mparswitchtrue
* \@reversemarginfalse
* (1in=72.27pt=25.4mm, 1cm=28.453pt)

Package newfloat Info: `rotating' package detected.
ABD: EverySelectfont initializing macros
LaTeX Info: Redefining \selectfont on input line 144.

(/usr/local/texlive/2021/texmf-dist/tex/latex/siunitx/siunitx-abbreviations.cfg
File: siunitx-abbreviations.cfg 2017/11/26 v2.7k siunitx: Abbreviated units
)
(/usr/local/texlive/2021/texmf-dist/tex/latex/translator/translator-basic-dicti
onary-English.dict
Dictionary: translator-basic-dictionary, Language: English 
)
Package caption Info: Begin \AtBeginDocument code.
Package caption Info: hyperref package is loaded.
Package caption Info: End \AtBeginDocument code.
Package hyperref Info: Link coloring ON on input line 144.

(/usr/local/texlive/2021/texmf-dist/tex/latex/hyperref/nameref.sty
Package: nameref 2021-04-02 v2.47 Cross-referencing by name of section

(/usr/local/texlive/2021/texmf-dist/tex/latex/refcount/refcount.sty
Package: refcount 2019/12/15 v3.6 Data extraction from label references (HO)
)
(/usr/local/texlive/2021/texmf-dist/tex/generic/gettitlestring/gettitlestring.s
ty
Package: gettitlestring 2019/12/15 v1.6 Cleanup title references (HO)
)
\c@section@level=\count385
)
LaTeX Info: Redefining \ref on input line 144.
LaTeX Info: Redefining \pageref on input line 144.
LaTeX Info: Redefining \nameref on input line 144.
 (./notes.out) (./notes.out)
\@outlinefile=\write9
\openout9 = `notes.out'.



LaTeX Warning: No \author given.

[1


{/usr/local/texlive/2021/texmf-var/fonts/map/pdftex/updmap/pdftex.map}]
[2


] (./notes.toc [3])
\tf@toc=\write10
\openout10 = `notes.toc'.

 [4] (./notes.lof)
\tf@lof=\write11
\openout11 = `notes.lof'.

 [5

] [6

] (./notes.lot)
\tf@lot=\write12
\openout12 = `notes.lot'.

 [7] [8] [9


]
[10

]
Chapter 1.
[11] [12

]
Chapter 2.
[13] [14

]
Chapter 3.
[15] [16

]
Chapter 4.
\openout6 = `notes.ent'.


Underfull \hbox (badness 1668) in paragraph at lines 234--234
[]\OT1/cmr/m/it/10.95 in Python, we do things with stuff.
 []


Underfull \vbox (badness 10000) has occurred while \output is active []

 [17]
LaTeX Font Info:    Trying to load font information for OMS+cmr on input line 2
68.

(/usr/local/texlive/2021/texmf-dist/tex/latex/base/omscmr.fd
File: omscmr.fd 2019/12/16 v2.5j Standard LaTeX font definitions
)
LaTeX Font Info:    Font shape `OMS/cmr/m/n' in size <10.95> not available
(Font)              Font shape `OMS/cmsy/m/n' tried instead on input line 268.
 [18

]
\openout4 = `notes.listing'.


(./_minted-notes/default-pyg-prefix.pygstyle) (./_minted-notes/vs.pygstyle)
(./_minted-notes/50DA700E56856207B8578FFAE39EF61F764ACE08D8ACD0933C5BDFEBD4BB53
D4.pygtex)
Underfull \hbox (badness 3769) in paragraph at lines 305--305
[]\OT1/cmr/m/n/10.95 Besides in-te-gers and float-ing points num-bers,
 []


Underfull \vbox (badness 10000) has occurred while \output is active []

 [19

]
[20]
\openout4 = `notes.listing'.


(./_minted-notes/DBE2334814879018F08053510C443709764ACE08D8ACD0933C5BDFEBD4BB53
D4.pygtex) [21

]
Underfull \vbox (badness 10000) has occurred while \output is active []

 [22

]
\openout4 = `notes.listing'.


(./_minted-notes/86683875D6C030DA1191F34469800475764ACE08D8ACD0933C5BDFEBD4BB53
D4.pygtex)
LaTeX Font Info:    Trying to load font information for OMS+cmtt on input line 
491.
LaTeX Font Info:    No file OMScmtt.fd. on input line 491.


LaTeX Font Warning: Font shape `OMS/cmtt/m/n' undefined
(Font)              using `OMS/cmsy/m/n' instead
(Font)              for symbol `textbraceleft' on input line 491.

[23]
LaTeX Font Info:    Trying to load font information for OML+cmtt on input line 
510.
LaTeX Font Info:    No file OMLcmtt.fd. on input line 510.


LaTeX Font Warning: Font shape `OML/cmtt/m/n' undefined
(Font)              using `OML/cmm/m/it' instead
(Font)              for symbol `textgreater' on input line 510.

\openout4 = `notes.listing'.


(./_minted-notes/7422D78E46051525105100B3E707158F764ACE08D8ACD0933C5BDFEBD4BB53
D4.pygtex) [24

]
\openout4 = `notes.listing'.


(./_minted-notes/A32FDE08938F9AF90BAC21ECE523C061764ACE08D8ACD0933C5BDFEBD4BB53
D4.pygtex)
Underfull \vbox (badness 10000) has occurred while \output is active []

 [25

]
[26]
\openout4 = `notes.listing'.


(./_minted-notes/FBA5F4FB84AEF234D445AC316EB88E44764ACE08D8ACD0933C5BDFEBD4BB53
D4.pygtex) [27

] [28

] [29

]
\openout4 = `notes.listing'.


(./_minted-notes/7E6C092D79B3B89D3735A9F57C98CAB9764ACE08D8ACD0933C5BDFEBD4BB53
D4.pygtex) [30

]
\openout4 = `notes.listing'.


(./_minted-notes/1A96ECB8032A91326FEBEAB60961966D764ACE08D8ACD0933C5BDFEBD4BB53
D4.pygtex) [31

]
\openout4 = `notes.listing'.


(./_minted-notes/D59B78B46668A255A2DBA9FE73776612764ACE08D8ACD0933C5BDFEBD4BB53
D4.pygtex) [32

]
\openout4 = `notes.listing'.


(./_minted-notes/C3FFC4212412C258AF63920566DF9552764ACE08D8ACD0933C5BDFEBD4BB53
D4.pygtex) [33

]
\openout4 = `notes.listing'.


(./_minted-notes/46CE52F14D83D9F4CA144B1AD458B74C764ACE08D8ACD0933C5BDFEBD4BB53
D4.pygtex)
\openout4 = `notes.listing'.


(./_minted-notes/6359399BA5B53D38F60488A7CCD99CFE764ACE08D8ACD0933C5BDFEBD4BB53
D4.pygtex)
\openout4 = `notes.listing'.


(./_minted-notes/6C4FE0567213F2340087B75669A155D3764ACE08D8ACD0933C5BDFEBD4BB53
D4.pygtex)
Underfull \vbox (badness 10000) has occurred while \output is active []

 [34

]
Underfull \vbox (badness 1303) has occurred while \output is active []

 [35]
\openout4 = `notes.listing'.


(./_minted-notes/13ACDD6E77E86DB548E01BB8E6686AAD764ACE08D8ACD0933C5BDFEBD4BB53
D4.pygtex)
\openout4 = `notes.listing'.


(./_minted-notes/82837FE20863933F1E2DDF8F5B6F3121764ACE08D8ACD0933C5BDFEBD4BB53
D4.pygtex) [36]
\openout4 = `notes.listing'.


(./_minted-notes/515895B1D8C40802B4ABEB29B92AECE8764ACE08D8ACD0933C5BDFEBD4BB53
D4.pygtex) [37

]
\openout4 = `notes.listing'.


(./_minted-notes/8E7D3D59DECDC496828A28CF5B8BA78B764ACE08D8ACD0933C5BDFEBD4BB53
D4.pygtex) [38

]
\openout4 = `notes.listing'.


(./_minted-notes/AD7C409334E078678AFF5AC7B16A28DE764ACE08D8ACD0933C5BDFEBD4BB53
D4.pygtex)
Underfull \hbox (badness 1184) in paragraph at lines 1070--1070
[]\OT1/cmr/m/n/10.95 Like for lists, Python of-fers many [][]\OT1/cmtt/m/n/10.9
5 methods to
 []


Underfull \hbox (badness 2020) in paragraph at lines 1070--1070
\OT1/cmtt/m/n/10.95 .values() .items()\OT1/cmr/m/n/10.95 , get the con-sti-tu-t
ive el-e-
 []

[39

]
\openout4 = `notes.listing'.


(./_minted-notes/4505B9A259935687DC37B0F76DBD07D8764ACE08D8ACD0933C5BDFEBD4BB53
D4.pygtex)
Underfull \vbox (badness 10000) has occurred while \output is active []

 [40]
\openout4 = `notes.listing'.


(./_minted-notes/832FFA4A3FC6E953628C947A3EE992B1764ACE08D8ACD0933C5BDFEBD4BB53
D4.pygtex)
\openout4 = `notes.listing'.


(./_minted-notes/26B748FF565D4068675B1B7D7E8BE165764ACE08D8ACD0933C5BDFEBD4BB53
D4.pygtex) [41]
\openout4 = `notes.listing'.


(./_minted-notes/D46F5C704D40B819755AA09618EA8822764ACE08D8ACD0933C5BDFEBD4BB53
D4.pygtex) [42

]
\openout4 = `notes.listing'.


(./_minted-notes/3F680C2693DE03692D6A2B0A236EDB37764ACE08D8ACD0933C5BDFEBD4BB53
D4.pygtex)
\openout4 = `notes.listing'.


(./_minted-notes/D59E1B047169E16DD6A0E06D6D6068A3764ACE08D8ACD0933C5BDFEBD4BB53
D4.pygtex) [43

]
\openout4 = `notes.listing'.


(./_minted-notes/693CD82CBEF067F12E39878ED8471163764ACE08D8ACD0933C5BDFEBD4BB53
D4.pygtex)
Underfull \vbox (badness 8189) has occurred while \output is active []

 [44

]
[45]
\openout4 = `notes.listing'.


(./_minted-notes/C10F51FD5313FD897394FF2504599BFB764ACE08D8ACD0933C5BDFEBD4BB53
D4.pygtex) [46

]
\openout4 = `notes.listing'.


(./_minted-notes/A4AE5492CB42844DAD7B13205B950062764ACE08D8ACD0933C5BDFEBD4BB53
D4.pygtex)
\openout4 = `notes.listing'.


(./_minted-notes/72A8B9B30A88BB616C3BA38739B52C97764ACE08D8ACD0933C5BDFEBD4BB53
D4.pygtex)

LaTeX Warning: Characters dropped after `\end{pythoncode}' on input line 1383.


Underfull \vbox (badness 1838) has occurred while \output is active []

 [47

]
Underfull \hbox (badness 1715) in paragraph at lines 1428--1428
[]\OT1/cmr/m/it/10.95 In sim-ple terms, state-ments are the
 []


Underfull \hbox (badness 1014) in paragraph at lines 1428--1428
\OT1/cmr/m/it/10.95 gested [omit-ted], pro-grams ``do things
 []

[48] [49]
\openout4 = `notes.listing'.


(./_minted-notes/D96A2987C6EB9036EF242D8F811649AD764ACE08D8ACD0933C5BDFEBD4BB53
D4.pygtex)
Underfull \vbox (badness 10000) has occurred while \output is active []


Underfull \vbox (badness 10000) has occurred while \output is active []

 [50


]
\openout4 = `notes.listing'.


(./_minted-notes/A3CF788BDDE65300804B48B0EF48D5CD764ACE08D8ACD0933C5BDFEBD4BB53
D4.pygtex)
\openout4 = `notes.listing'.


(./_minted-notes/2CF761A7A0EC9D31984A9B71ECC3ECFC764ACE08D8ACD0933C5BDFEBD4BB53
D4.pygtex)
Underfull \vbox (badness 10000) has occurred while \output is active []

 [51]
\openout4 = `notes.listing'.


(./_minted-notes/27B642D0B8B0E1D8D32730ADB59FABB9764ACE08D8ACD0933C5BDFEBD4BB53
D4.pygtex) [52]
\openout4 = `notes.listing'.


(./_minted-notes/889290B4532C718D94B3303450D0C180764ACE08D8ACD0933C5BDFEBD4BB53
D4.pygtex) [53

]
\openout4 = `notes.listing'.


(./_minted-notes/72E7C98E513837B5FA723ADEA03DAB19764ACE08D8ACD0933C5BDFEBD4BB53
D4.pygtex)
\openout4 = `notes.listing'.


(./_minted-notes/872ADDC5215F6893FBD1B486E3A513CC764ACE08D8ACD0933C5BDFEBD4BB53
D4.pygtex) [54

]
\openout4 = `notes.listing'.


(./_minted-notes/EB1BCEA24A3FB4E97B25667DEB68FB6A764ACE08D8ACD0933C5BDFEBD4BB53
D4.pygtex)
! Undefined control sequence.
<argument> ...ement that contains multiple \textt 
                                                  {for} loops is a nested \t...
l.1682 ... can do something with it (see line 8).}
                                                  
The control sequence at the end of the top line
of your error message was never \def'ed. If you have
misspelled it (e.g., `\hobx'), type `I' and the correct
spelling (e.g., `I\hbox'). Otherwise just continue,
and I'll forget about whatever was undefined.

\openout4 = `notes.listing'.


(./_minted-notes/299B0631796C987E50C0FE86A50ADA35764ACE08D8ACD0933C5BDFEBD4BB53
D4.pygtex) [55

]
\openout4 = `notes.listing'.


(./_minted-notes/B5ACEFC255B8C347ED43479B42697F2E764ACE08D8ACD0933C5BDFEBD4BB53
D4.pygtex) [56

]
\openout4 = `notes.listing'.


(./_minted-notes/1F9F889A329993A23E484B930F0DF797764ACE08D8ACD0933C5BDFEBD4BB53
D4.pygtex)
\openout4 = `notes.listing'.


(./_minted-notes/D9AB99930269DBCE855E8129343E594A764ACE08D8ACD0933C5BDFEBD4BB53
D4.pygtex) [57

]
\openout4 = `notes.listing'.


(./_minted-notes/3B7B739304A11ED4A4CDFBEE7DBEFB75764ACE08D8ACD0933C5BDFEBD4BB53
D4.pygtex)
\openout4 = `notes.listing'.


(./_minted-notes/731064C23BCBBE64237ED22B2A83408B764ACE08D8ACD0933C5BDFEBD4BB53
D4.pygtex) (./notes.ent
Overfull \hbox (15.67305pt too wide) in paragraph at lines 117--167
[][]\OT1/cmr/m/n/9 If en-cod-ing is not spec-i-fied the en-cod-ing used is plat
form-dependent. Specif-i-cally, \OT1/cmtt/m/n/9 locale.getpreferredencoding(Fal
se)
 []

[58

]) [59] [60

]
Chapter 5.
LaTeX Font Info:    Trying to load font information for TS1+cmtt on input line 
1863.
(/usr/local/texlive/2021/texmf-dist/tex/latex/base/ts1cmtt.fd
File: ts1cmtt.fd 2019/12/16 v2.5j Standard LaTeX font definitions
)
LaTeX Font Info:    Font shape `OT1/cmtt/bx/n' in size <14.4> not available
(Font)              Font shape `OT1/cmtt/m/n' tried instead on input line 1866.


Underfull \vbox (badness 10000) has occurred while \output is active []


Underfull \vbox (badness 10000) has occurred while \output is active []

 [61]
\openout4 = `notes.listing'.


(./_minted-notes/FAFEF3CE429BB45945B4330A94B0E509764ACE08D8ACD0933C5BDFEBD4BB53
D4.pygtex)
\openout6 = `notes.ent'.


Underfull \vbox (badness 10000) has occurred while \output is active []

 [62]
\openout4 = `notes.listing'.


(./_minted-notes/0F851F565EA65A73B1B20B5E6CC6A4F6764ACE08D8ACD0933C5BDFEBD4BB53
D4.pygtex) [63

]
\openout4 = `notes.listing'.


(./_minted-notes/06BD3D91D2D5B97927C7A9262973A042764ACE08D8ACD0933C5BDFEBD4BB53
D4.pygtex) [64

]
! Undefined control sequence.
<argument> \texxttt 
                    {dtypes}
l.2022 ... is known in NumPy as \texttt{float64}.}
                                                  
The control sequence at the end of the top line
of your error message was never \def'ed. If you have
misspelled it (e.g., `\hobx'), type `I' and the correct
spelling (e.g., `I\hbox'). Otherwise just continue,
and I'll forget about whatever was undefined.

! Undefined control sequence.
<argument> \textttt 
                    {dtype}
l.2027 ...array.astype.html}{\texttt{.astype()}}.}
                                                  
The control sequence at the end of the top line
of your error message was never \def'ed. If you have
misspelled it (e.g., `\hobx'), type `I' and the correct
spelling (e.g., `I\hbox'). Otherwise just continue,
and I'll forget about whatever was undefined.

\openout4 = `notes.listing'.


(./_minted-notes/110AC5DB8237DD890B9C771E85CFF14A764ACE08D8ACD0933C5BDFEBD4BB53
D4.pygtex) [65

] [66] [67


]
\openout4 = `notes.listing'.


(./_minted-notes/C242DD3276A444CA35DF51DE6CE64CCC764ACE08D8ACD0933C5BDFEBD4BB53
D4.pygtex) [68

] [69]
\openout4 = `notes.listing'.


(./_minted-notes/B44B1D061DCE542B117A2BEA5ED4893C764ACE08D8ACD0933C5BDFEBD4BB53
D4.pygtex
! Undefined control sequence.
<argument> ...--+ create an array from my\fuction 
                                                   for given coordinates\Fan...
l.8 ...rray from my\fuction for given coordinates}
                                                  
The control sequence at the end of the top line
of your error message was never \def'ed. If you have
misspelled it (e.g., `\hobx'), type `I' and the correct
spelling (e.g., `I\hbox'). Otherwise just continue,
and I'll forget about whatever was undefined.

) [70

] [71] [72]
\openout4 = `notes.listing'.


(./_minted-notes/2412612A10D149EBD64F4851B8398DBC764ACE08D8ACD0933C5BDFEBD4BB53
D4.pygtex) [73

] [74]
\openout4 = `notes.listing'.


(./_minted-notes/219B793E758A81220EF9F461F9684F95764ACE08D8ACD0933C5BDFEBD4BB53
D4.pygtex)
Underfull \vbox (badness 2608) has occurred while \output is active []

 [75

]
(./contour.pgf) [76] [77]
\openout4 = `notes.listing'.


(./_minted-notes/1EC865C36D8626E5EE031DBAA16B308E764ACE08D8ACD0933C5BDFEBD4BB53
D4.pygtex) [78

] [79]
\openout4 = `notes.listing'.


(./_minted-notes/76F0F624F0D8067D116EF7D0100388C4764ACE08D8ACD0933C5BDFEBD4BB53
D4.pygtex) [80

] [81]
! Extra }, or forgotten \endgroup.
l.2556 	}
         
I've deleted a group-closing symbol because it seems to be
spurious, as in `$x}$'. But perhaps the } is legitimate and
you forgot something else, as in `\hbox{$x}'. In such cases
the way to recover is to insert both the forgotten and the
deleted material, e.g., by typing `I$}'.

[82

]
\openout4 = `notes.listing'.


(./_minted-notes/CC6E1DAEC54D7DDEE16A9EC7F7110811764ACE08D8ACD0933C5BDFEBD4BB53
D4.pygtex) [83

]
! Undefined control sequence.
<argument> \rggedright 
                       What is a universal function?
l.2615 ...ggedright What is a universal function?}
                                                  
The control sequence at the end of the top line
of your error message was never \def'ed. If you have
misspelled it (e.g., `\hobx'), type `I' and the correct
spelling (e.g., `I\hbox'). Otherwise just continue,
and I'll forget about whatever was undefined.

[84

]
\openout4 = `notes.listing'.


(./_minted-notes/A27584FFF67BD7F358661A72C78662ED764ACE08D8ACD0933C5BDFEBD4BB53
D4.pygtex) [85

] (./sine.pgf) (./cosine.pgf)
! Illegal parameter number in definition of \Hy@tempa.
<to be read again> 
                   s
l.2719 ... module for machine learning in Python.}
                                                  
You meant to type ## instead of #, right?
Or maybe a } was forgotten somewhere earlier, and things
are all screwed up? I'm going to assume that you meant ##.

! Illegal parameter number in definition of \Hy@tempa.
<to be read again> 
                   s
l.2719 ... module for machine learning in Python.}
                                                  
You meant to type ## instead of #, right?
Or maybe a } was forgotten somewhere earlier, and things
are all screwed up? I'm going to assume that you meant ##.

! Illegal parameter number in definition of \Hy@tempa.
<to be read again> 
                   s
l.2719 ... module for machine learning in Python.}
                                                  
You meant to type ## instead of #, right?
Or maybe a } was forgotten somewhere earlier, and things
are all screwed up? I'm going to assume that you meant ##.

[86]
Overfull \hbox (21.33426pt too wide) in paragraph at lines 2727--2744
 [][] 
 []

[87] [88] [89] [90]
\openout4 = `notes.listing'.


(./_minted-notes/8733F42282CDC9554568D50C4D4C579D764ACE08D8ACD0933C5BDFEBD4BB53
D4.pygtex)
Underfull \vbox (badness 5652) has occurred while \output is active []

 [91


]
! Undefined control sequence.
<argument> \rggedright 
                       Can I calaculate Pearson's correlaton coefficients in...
l.2865 ...son's correlaton coefficients in NumPy?}
                                                  
The control sequence at the end of the top line
of your error message was never \def'ed. If you have
misspelled it (e.g., `\hobx'), type `I' and the correct
spelling (e.g., `I\hbox'). Otherwise just continue,
and I'll forget about whatever was undefined.

\openout4 = `notes.listing'.


(./_minted-notes/E320E8328B93103498FE167469E65BB2764ACE08D8ACD0933C5BDFEBD4BB53
D4.pygtex) [92] [93] [94] [95] [96] [97]
\openout4 = `notes.listing'.


(./_minted-notes/521A107603FE0597545A8778690D4E0B764ACE08D8ACD0933C5BDFEBD4BB53
D4.pygtex)
Underfull \vbox (badness 10000) has occurred while \output is active []

 [98

]
\openout4 = `notes.listing'.


(./_minted-notes/91D9D88AB44D89D91E45ACBC50CB296C764ACE08D8ACD0933C5BDFEBD4BB53
D4.pygtex) [99]
\openout4 = `notes.listing'.


(./_minted-notes/A00CCD0D551D18373152474D26576AF5764ACE08D8ACD0933C5BDFEBD4BB53
D4.pygtex) (./ols.pgf)
Underfull \vbox (badness 10000) has occurred while \output is active []

 [100

]
[101] [102] [103] [104] [105]
! Illegal parameter number in definition of \Hy@tempa.
<to be read again> 
                   n
l.3363 ...he outcome I got, displayed in line 26.}
                                                  
You meant to type ## instead of #, right?
Or maybe a } was forgotten somewhere earlier, and things
are all screwed up? I'm going to assume that you meant ##.

! Illegal parameter number in definition of \Hy@tempa.
<to be read again> 
                   n
l.3363 ...he outcome I got, displayed in line 26.}
                                                  
You meant to type ## instead of #, right?
Or maybe a } was forgotten somewhere earlier, and things
are all screwed up? I'm going to assume that you meant ##.

! Illegal parameter number in definition of \Hy@tempa.
<to be read again> 
                   n
l.3363 ...he outcome I got, displayed in line 26.}
                                                  
You meant to type ## instead of #, right?
Or maybe a } was forgotten somewhere earlier, and things
are all screwed up? I'm going to assume that you meant ##.

\openout4 = `notes.listing'.


(./_minted-notes/4CC1538D05063AA916093EDEFC14CC77764ACE08D8ACD0933C5BDFEBD4BB53
D4.pygtex) [106

]
Underfull \hbox (badness 6876) in paragraph at lines 3408--3408
[] \OT1/cmr/m/n/10.95 In lines 22 and 27, we cre-ate two ar-
 []


Underfull \hbox (badness 6461) in paragraph at lines 3408--3408
\OT1/cmr/m/n/10.95 mal (see [][]\OT1/cmtt/m/n/10.95 .random.normal[][]\OT1/cmr/
m/n/10.95 ) and Pois-son (see
 []

\openout4 = `notes.listing'.


(./_minted-notes/27FF8017982616DD566B5D8ED289C95B764ACE08D8ACD0933C5BDFEBD4BB53
D4.pygtex)
Underfull \vbox (badness 10000) has occurred while \output is active []

 [107

]
(./norm.pgf) (./poisson.pgf)
Underfull \vbox (badness 7468) has occurred while \output is active []

 [108]
! Extra }, or forgotten \endgroup.
l.3508 	}
         
I've deleted a group-closing symbol because it seems to be
spurious, as in `$x}$'. But perhaps the } is legitimate and
you forgot something else, as in `\hbox{$x}'. In such cases
the way to recover is to insert both the forgotten and the
deleted material, e.g., by typing `I$}'.

[109] [110]
\openout4 = `notes.listing'.


(./_minted-notes/060669D9C71649D9F9D7B1FD0EF0BCED764ACE08D8ACD0933C5BDFEBD4BB53
D4.pygtex)
Underfull \vbox (badness 10000) has occurred while \output is active []

 [111

]
(./notes.ent) [112]
Chapter 6.
\openout6 = `notes.ent'.

[113

]
Underfull \hbox (badness 2521) in paragraph at lines 3662--3662
[]\OT1/cmr/m/n/10.95 Put sim-ply (i.e., from a user stand-point), a
 []


Overfull \vbox (14.7731pt too high) has occurred while \output is active []


[114

]
! Missing $ inserted.
<inserted text> 
                $
l.3671 		\textbf{1}    & a_
                           {1} & b_{1} & \ldots & i_{1} & \ldots & k_{1} \\
I've inserted a begin-math/end-math symbol since I think
you left one out. Proceed, with fingers crossed.

! Missing $ inserted.
<inserted text> 
                $
l.3671 		\textbf{1}    & a_{1} &
                                 b_{1} & \ldots & i_{1} & \ldots & k_{1} \\
I've inserted something that you may have forgotten.
(See the <inserted text> above.)
With luck, this will get me unwedged. But if you
really didn't forget anything, try typing `2' now; then
my insertion and my current dilemma will both disappear.

! Missing $ inserted.
<inserted text> 
                $
l.3671 		\textbf{1}    & a_{1} & b_
                                   {1} & \ldots & i_{1} & \ldots & k_{1} \\
I've inserted a begin-math/end-math symbol since I think
you left one out. Proceed, with fingers crossed.

! Missing $ inserted.
<inserted text> 
                $
l.3671 		\textbf{1}    & a_{1} & b_{1} &
                                         \ldots & i_{1} & \ldots & k_{1} \\
I've inserted something that you may have forgotten.
(See the <inserted text> above.)
With luck, this will get me unwedged. But if you
really didn't forget anything, try typing `2' now; then
my insertion and my current dilemma will both disappear.

! Missing $ inserted.
<inserted text> 
                $
l.3671 ...xtbf{1}    & a_{1} & b_{1} & \ldots & i_
                                                  {1} & \ldots & k_{1} \\
I've inserted a begin-math/end-math symbol since I think
you left one out. Proceed, with fingers crossed.

! Missing $ inserted.
<inserted text> 
                $
l.3671 ...1}    & a_{1} & b_{1} & \ldots & i_{1} &
                                                   \ldots & k_{1} \\
I've inserted something that you may have forgotten.
(See the <inserted text> above.)
With luck, this will get me unwedged. But if you
really didn't forget anything, try typing `2' now; then
my insertion and my current dilemma will both disappear.

! Missing $ inserted.
<inserted text> 
                $
l.3671 ...} & b_{1} & \ldots & i_{1} & \ldots & k_
                                                  {1} \\
I've inserted a begin-math/end-math symbol since I think
you left one out. Proceed, with fingers crossed.

! Missing $ inserted.
<inserted text> 
                $
l.3672 		\textbf
                {2}    & a_{2} & b_{2} & \ldots & i_{2} & \ldots & k_{2} \\
I've inserted something that you may have forgotten.
(See the <inserted text> above.)
With luck, this will get me unwedged. But if you
really didn't forget anything, try typing `2' now; then
my insertion and my current dilemma will both disappear.

! Missing $ inserted.
<inserted text> 
                $
l.3672 		\textbf{2}    & a_
                           {2} & b_{2} & \ldots & i_{2} & \ldots & k_{2} \\
I've inserted a begin-math/end-math symbol since I think
you left one out. Proceed, with fingers crossed.

! Missing $ inserted.
<inserted text> 
                $
l.3672 		\textbf{2}    & a_{2} &
                                 b_{2} & \ldots & i_{2} & \ldots & k_{2} \\
I've inserted something that you may have forgotten.
(See the <inserted text> above.)
With luck, this will get me unwedged. But if you
really didn't forget anything, try typing `2' now; then
my insertion and my current dilemma will both disappear.

! Missing $ inserted.
<inserted text> 
                $
l.3672 		\textbf{2}    & a_{2} & b_
                                   {2} & \ldots & i_{2} & \ldots & k_{2} \\
I've inserted a begin-math/end-math symbol since I think
you left one out. Proceed, with fingers crossed.

! Missing $ inserted.
<inserted text> 
                $
l.3672 		\textbf{2}    & a_{2} & b_{2} &
                                         \ldots & i_{2} & \ldots & k_{2} \\
I've inserted something that you may have forgotten.
(See the <inserted text> above.)
With luck, this will get me unwedged. But if you
really didn't forget anything, try typing `2' now; then
my insertion and my current dilemma will both disappear.

! Missing $ inserted.
<inserted text> 
                $
l.3672 ...xtbf{2}    & a_{2} & b_{2} & \ldots & i_
                                                  {2} & \ldots & k_{2} \\
I've inserted a begin-math/end-math symbol since I think
you left one out. Proceed, with fingers crossed.

! Missing $ inserted.
<inserted text> 
                $
l.3672 ...2}    & a_{2} & b_{2} & \ldots & i_{2} &
                                                   \ldots & k_{2} \\
I've inserted something that you may have forgotten.
(See the <inserted text> above.)
With luck, this will get me unwedged. But if you
really didn't forget anything, try typing `2' now; then
my insertion and my current dilemma will both disappear.

! Missing $ inserted.
<inserted text> 
                $
l.3672 ...} & b_{2} & \ldots & i_{2} & \ldots & k_
                                                  {2} \\
I've inserted a begin-math/end-math symbol since I think
you left one out. Proceed, with fingers crossed.

! Missing $ inserted.
<inserted text> 
                $
l.3673                 \multicolumn
                                   {7}{c}{}\\
I've inserted something that you may have forgotten.
(See the <inserted text> above.)
With luck, this will get me unwedged. But if you
really didn't forget anything, try typing `2' now; then
my insertion and my current dilemma will both disappear.

! Missing $ inserted.
<inserted text> 
                $
l.3674 		\textbf{j}    & a_
                           {j} & b_{j} & \ldots & i_{j} & \ldots & k_{j} \\
I've inserted a begin-math/end-math symbol since I think
you left one out. Proceed, with fingers crossed.

! Missing $ inserted.
<inserted text> 
                $
l.3674 		\textbf{j}    & a_{j} &
                                 b_{j} & \ldots & i_{j} & \ldots & k_{j} \\
I've inserted something that you may have forgotten.
(See the <inserted text> above.)
With luck, this will get me unwedged. But if you
really didn't forget anything, try typing `2' now; then
my insertion and my current dilemma will both disappear.

! Missing $ inserted.
<inserted text> 
                $
l.3674 		\textbf{j}    & a_{j} & b_
                                   {j} & \ldots & i_{j} & \ldots & k_{j} \\
I've inserted a begin-math/end-math symbol since I think
you left one out. Proceed, with fingers crossed.

! Missing $ inserted.
<inserted text> 
                $
l.3674 		\textbf{j}    & a_{j} & b_{j} &
                                         \ldots & i_{j} & \ldots & k_{j} \\
I've inserted something that you may have forgotten.
(See the <inserted text> above.)
With luck, this will get me unwedged. But if you
really didn't forget anything, try typing `2' now; then
my insertion and my current dilemma will both disappear.

! Missing $ inserted.
<inserted text> 
                $
l.3674 ...xtbf{j}    & a_{j} & b_{j} & \ldots & i_
                                                  {j} & \ldots & k_{j} \\
I've inserted a begin-math/end-math symbol since I think
you left one out. Proceed, with fingers crossed.

! Missing $ inserted.
<inserted text> 
                $
l.3674 ...j}    & a_{j} & b_{j} & \ldots & i_{j} &
                                                   \ldots & k_{j} \\
I've inserted something that you may have forgotten.
(See the <inserted text> above.)
With luck, this will get me unwedged. But if you
really didn't forget anything, try typing `2' now; then
my insertion and my current dilemma will both disappear.

! Missing $ inserted.
<inserted text> 
                $
l.3674 ...} & b_{j} & \ldots & i_{j} & \ldots & k_
                                                  {j} \\
I've inserted a begin-math/end-math symbol since I think
you left one out. Proceed, with fingers crossed.

! Missing $ inserted.
<inserted text> 
                $
l.3675                 \multicolumn
                                   {7}{c}{}\\
I've inserted something that you may have forgotten.
(See the <inserted text> above.)
With luck, this will get me unwedged. But if you
really didn't forget anything, try typing `2' now; then
my insertion and my current dilemma will both disappear.

! Missing $ inserted.
<inserted text> 
                $
l.3676 		\textbf{n}    & a_
                           {n} & b_{n} & \ldots & i_{n} & \ldots & k_{n} \\
I've inserted a begin-math/end-math symbol since I think
you left one out. Proceed, with fingers crossed.

! Missing $ inserted.
<inserted text> 
                $
l.3676 		\textbf{n}    & a_{n} &
                                 b_{n} & \ldots & i_{n} & \ldots & k_{n} \\
I've inserted something that you may have forgotten.
(See the <inserted text> above.)
With luck, this will get me unwedged. But if you
really didn't forget anything, try typing `2' now; then
my insertion and my current dilemma will both disappear.

! Missing $ inserted.
<inserted text> 
                $
l.3676 		\textbf{n}    & a_{n} & b_
                                   {n} & \ldots & i_{n} & \ldots & k_{n} \\
I've inserted a begin-math/end-math symbol since I think
you left one out. Proceed, with fingers crossed.

! Missing $ inserted.
<inserted text> 
                $
l.3676 		\textbf{n}    & a_{n} & b_{n} &
                                         \ldots & i_{n} & \ldots & k_{n} \\
I've inserted something that you may have forgotten.
(See the <inserted text> above.)
With luck, this will get me unwedged. But if you
really didn't forget anything, try typing `2' now; then
my insertion and my current dilemma will both disappear.

! Missing $ inserted.
<inserted text> 
                $
l.3676 ...xtbf{n}    & a_{n} & b_{n} & \ldots & i_
                                                  {n} & \ldots & k_{n} \\
I've inserted a begin-math/end-math symbol since I think
you left one out. Proceed, with fingers crossed.

! Missing $ inserted.
<inserted text> 
                $
l.3676 ...n}    & a_{n} & b_{n} & \ldots & i_{n} &
                                                   \ldots & k_{n} \\
I've inserted something that you may have forgotten.
(See the <inserted text> above.)
With luck, this will get me unwedged. But if you
really didn't forget anything, try typing `2' now; then
my insertion and my current dilemma will both disappear.

! Missing $ inserted.
<inserted text> 
                $
l.3676 ...} & b_{n} & \ldots & i_{n} & \ldots & k_
                                                  {n} \\
I've inserted a begin-math/end-math symbol since I think
you left one out. Proceed, with fingers crossed.

! Missing $ inserted.
<inserted text> 
                $
l.3677 		\hline
               
I've inserted something that you may have forgotten.
(See the <inserted text> above.)
With luck, this will get me unwedged. But if you
really didn't forget anything, try typing `2' now; then
my insertion and my current dilemma will both disappear.

! Undefined control sequence.
<argument> \textttt 
                    {.DataFrame}
l.3691 	}
         
The control sequence at the end of the top line
of your error message was never \def'ed. If you have
misspelled it (e.g., `\hobx'), type `I' and the correct
spelling (e.g., `I\hbox'). Otherwise just continue,
and I'll forget about whatever was undefined.


Underfull \hbox (badness 10000) in paragraph at lines 3703--3703
[][][]\OT1/cmtt/m/n/10.95 .DataFrame.from[]dict[][]\OT1/cmr/m/n/10.95 , which c
re-ates a
 []


Underfull \hbox (badness 6220) in paragraph at lines 3703--3703
[][][]\OT1/cmtt/m/n/10.95 .DataFrame.sparse.from[]spmatrix[][]\OT1/cmr/m/n/10.9
5 , which
 []

[115

] [116]
\openout4 = `notes.listing'.


(./_minted-notes/239A45AFABFC13BBE1C3727DAF4BBF6B764ACE08D8ACD0933C5BDFEBD4BB53
D4.pygtex)
Underfull \vbox (badness 1888) has occurred while \output is active []

 [117

]
! Illegal parameter number in definition of \Hy@tempa.
<to be read again> 
                   p
l.3782 ...d familiarize with the various options.}
                                                  
You meant to type ## instead of #, right?
Or maybe a } was forgotten somewhere earlier, and things
are all screwed up? I'm going to assume that you meant ##.

! Illegal parameter number in definition of \Hy@tempa.
<to be read again> 
                   p
l.3782 ...d familiarize with the various options.}
                                                  
You meant to type ## instead of #, right?
Or maybe a } was forgotten somewhere earlier, and things
are all screwed up? I'm going to assume that you meant ##.

! Illegal parameter number in definition of \Hy@tempa.
<to be read again> 
                   p
l.3782 ...d familiarize with the various options.}
                                                  
You meant to type ## instead of #, right?
Or maybe a } was forgotten somewhere earlier, and things
are all screwed up? I'm going to assume that you meant ##.

\openout4 = `notes.listing'.


(./_minted-notes/0A1F3828C71430053F3D964ED151853D764ACE08D8ACD0933C5BDFEBD4BB53
D4.pygtex) [118]
! Extra }, or forgotten \endgroup.
l.3830 	}
         
I've deleted a group-closing symbol because it seems to be
spurious, as in `$x}$'. But perhaps the } is legitimate and
you forgot something else, as in `\hbox{$x}'. In such cases
the way to recover is to insert both the forgotten and the
deleted material, e.g., by typing `I$}'.

[119]
\openout4 = `notes.listing'.


(./_minted-notes/937A7604F040C846696ED36B4FEA5C02764ACE08D8ACD0933C5BDFEBD4BB53
D4.pygtex)
Overfull \vbox (6.6382pt too high) has occurred while \output is active []


[120

]
\openout4 = `notes.listing'.


(./_minted-notes/D0C33DBF8A6400D98A923A6954EDB5F7764ACE08D8ACD0933C5BDFEBD4BB53
D4.pygtex) [121]
\openout4 = `notes.listing'.


(./_minted-notes/C4EE28927FE7FCC59CEB9316672DB107764ACE08D8ACD0933C5BDFEBD4BB53
D4.pygtex)
Underfull \vbox (badness 10000) has occurred while \output is active []

 [122]
! Illegal parameter number in definition of \Hy@tempa.
<to be read again> 
                   p
l.4031 	}
         
You meant to type ## instead of #, right?
Or maybe a } was forgotten somewhere earlier, and things
are all screwed up? I'm going to assume that you meant ##.

! Illegal parameter number in definition of \Hy@tempa.
<to be read again> 
                   p
l.4031 	}
         
You meant to type ## instead of #, right?
Or maybe a } was forgotten somewhere earlier, and things
are all screwed up? I'm going to assume that you meant ##.

! Illegal parameter number in definition of \Hy@tempa.
<to be read again> 
                   p
l.4031 	}
         
You meant to type ## instead of #, right?
Or maybe a } was forgotten somewhere earlier, and things
are all screwed up? I'm going to assume that you meant ##.

! Illegal parameter number in definition of \Hy@tempa.
<to be read again> 
                   p
l.4031 	}
         
You meant to type ## instead of #, right?
Or maybe a } was forgotten somewhere earlier, and things
are all screwed up? I'm going to assume that you meant ##.

! Illegal parameter number in definition of \Hy@tempa.
<to be read again> 
                   p
l.4031 	}
         
You meant to type ## instead of #, right?
Or maybe a } was forgotten somewhere earlier, and things
are all screwed up? I'm going to assume that you meant ##.

! Illegal parameter number in definition of \Hy@tempa.
<to be read again> 
                   p
l.4031 	}
         
You meant to type ## instead of #, right?
Or maybe a } was forgotten somewhere earlier, and things
are all screwed up? I'm going to assume that you meant ##.

! Illegal parameter number in definition of \Hy@tempa.
<to be read again> 
                   p
l.4031 	}
         
You meant to type ## instead of #, right?
Or maybe a } was forgotten somewhere earlier, and things
are all screwed up? I'm going to assume that you meant ##.

! Illegal parameter number in definition of \Hy@tempa.
<to be read again> 
                   p
l.4031 	}
         
You meant to type ## instead of #, right?
Or maybe a } was forgotten somewhere earlier, and things
are all screwed up? I'm going to assume that you meant ##.

! Illegal parameter number in definition of \Hy@tempa.
<to be read again> 
                   p
l.4031 	}
         
You meant to type ## instead of #, right?
Or maybe a } was forgotten somewhere earlier, and things
are all screwed up? I'm going to assume that you meant ##.


Underfull \hbox (badness 1173) in paragraph at lines 4031--4031
[]\OT1/cmr/m/n/10.95 line 33 se-lects the first two cases of the
 []

[123]
\openout4 = `notes.listing'.


(./_minted-notes/4CFECD406F30536780BFBBD0CBF5C0CC764ACE08D8ACD0933C5BDFEBD4BB53
D4.pygtex)
Underfull \vbox (badness 10000) has occurred while \output is active []

 [124

]
! Illegal parameter number in definition of \Hy@tempa.
<to be read again> 
                   p
l.4126 	}
         	
You meant to type ## instead of #, right?
Or maybe a } was forgotten somewhere earlier, and things
are all screwed up? I'm going to assume that you meant ##.

! Illegal parameter number in definition of \Hy@tempa.
<to be read again> 
                   p
l.4126 	}
         	
You meant to type ## instead of #, right?
Or maybe a } was forgotten somewhere earlier, and things
are all screwed up? I'm going to assume that you meant ##.

! Illegal parameter number in definition of \Hy@tempa.
<to be read again> 
                   p
l.4126 	}
         	
You meant to type ## instead of #, right?
Or maybe a } was forgotten somewhere earlier, and things
are all screwed up? I'm going to assume that you meant ##.

! Illegal parameter number in definition of \Hy@tempa.
<to be read again> 
                   p
l.4126 	}
         	
You meant to type ## instead of #, right?
Or maybe a } was forgotten somewhere earlier, and things
are all screwed up? I'm going to assume that you meant ##.

! Illegal parameter number in definition of \Hy@tempa.
<to be read again> 
                   p
l.4126 	}
         	
You meant to type ## instead of #, right?
Or maybe a } was forgotten somewhere earlier, and things
are all screwed up? I'm going to assume that you meant ##.

! Illegal parameter number in definition of \Hy@tempa.
<to be read again> 
                   p
l.4126 	}
         	
You meant to type ## instead of #, right?
Or maybe a } was forgotten somewhere earlier, and things
are all screwed up? I'm going to assume that you meant ##.

[125]
\openout4 = `notes.listing'.


(./_minted-notes/65E2ADBFAE154F9CA8A512C5E2162CC0764ACE08D8ACD0933C5BDFEBD4BB53
D4.pygtex)
Underfull \vbox (badness 10000) has occurred while \output is active []

 [126

]
! Illegal parameter number in definition of \Hy@tempa.
<to be read again> 
                   p
l.4197 	}
         
You meant to type ## instead of #, right?
Or maybe a } was forgotten somewhere earlier, and things
are all screwed up? I'm going to assume that you meant ##.

! Illegal parameter number in definition of \Hy@tempa.
<to be read again> 
                   p
l.4197 	}
         
You meant to type ## instead of #, right?
Or maybe a } was forgotten somewhere earlier, and things
are all screwed up? I'm going to assume that you meant ##.

! Illegal parameter number in definition of \Hy@tempa.
<to be read again> 
                   p
l.4197 	}
         
You meant to type ## instead of #, right?
Or maybe a } was forgotten somewhere earlier, and things
are all screwed up? I'm going to assume that you meant ##.

! Illegal parameter number in definition of \Hy@tempa.
<to be read again> 
                   p
l.4197 	}
         
You meant to type ## instead of #, right?
Or maybe a } was forgotten somewhere earlier, and things
are all screwed up? I'm going to assume that you meant ##.

! Illegal parameter number in definition of \Hy@tempa.
<to be read again> 
                   p
l.4197 	}
         
You meant to type ## instead of #, right?
Or maybe a } was forgotten somewhere earlier, and things
are all screwed up? I'm going to assume that you meant ##.

! Illegal parameter number in definition of \Hy@tempa.
<to be read again> 
                   p
l.4197 	}
         
You meant to type ## instead of #, right?
Or maybe a } was forgotten somewhere earlier, and things
are all screwed up? I'm going to assume that you meant ##.

! Illegal parameter number in definition of \Hy@tempa.
<to be read again> 
                   p
l.4197 	}
         
You meant to type ## instead of #, right?
Or maybe a } was forgotten somewhere earlier, and things
are all screwed up? I'm going to assume that you meant ##.

! Illegal parameter number in definition of \Hy@tempa.
<to be read again> 
                   p
l.4197 	}
         
You meant to type ## instead of #, right?
Or maybe a } was forgotten somewhere earlier, and things
are all screwed up? I'm going to assume that you meant ##.

! Illegal parameter number in definition of \Hy@tempa.
<to be read again> 
                   p
l.4197 	}
         
You meant to type ## instead of #, right?
Or maybe a } was forgotten somewhere earlier, and things
are all screwed up? I'm going to assume that you meant ##.

\openout4 = `notes.listing'.


(./_minted-notes/FF965B36EEF2225A9D3CC345909BDFBE764ACE08D8ACD0933C5BDFEBD4BB53
D4.pygtex)
Underfull \vbox (badness 2158) has occurred while \output is active []

 [127]
[128] [129]
! Illegal parameter number in definition of \Hy@tempa.
<to be read again> 
                   n
l.4329 	}
         
You meant to type ## instead of #, right?
Or maybe a } was forgotten somewhere earlier, and things
are all screwed up? I'm going to assume that you meant ##.

! Illegal parameter number in definition of \Hy@tempa.
<to be read again> 
                   n
l.4329 	}
         
You meant to type ## instead of #, right?
Or maybe a } was forgotten somewhere earlier, and things
are all screwed up? I'm going to assume that you meant ##.

! Illegal parameter number in definition of \Hy@tempa.
<to be read again> 
                   n
l.4329 	}
         
You meant to type ## instead of #, right?
Or maybe a } was forgotten somewhere earlier, and things
are all screwed up? I'm going to assume that you meant ##.

\openout4 = `notes.listing'.

runsystem(pygmentize -l python -f latex -P commandprefix=PYG -F tokenmerge -P t
excomments=True -o _minted-notes/07001CC746197FC5B624B396A34CC242764ACE08D8ACD0
933C5BDFEBD4BB53D4.pygtex notes.listing)...executed.


(./_minted-notes/07001CC746197FC5B624B396A34CC242764ACE08D8ACD0933C5BDFEBD4BB53
D4.pygtex
! Missing $ inserted.
<inserted text> 
                $
l.35 ...ame with a sample of cases included in df}
                                                  
I've inserted a begin-math/end-math symbol since I think
you left one out. Proceed, with fingers crossed.

! Extra }, or forgotten $.
<argument> ... included in df\FancyVerbBreakStop }
                                                  }}}
l.35 ...ame with a sample of cases included in df}
                                                  
I've deleted a group-closing symbol because it seems to be
spurious, as in `$x}$'. But perhaps the } is legitimate and
you forgot something else, as in `\hbox{$x}'. In such cases
the way to recover is to insert both the forgotten and the
deleted material, e.g., by typing `I$}'.

! Extra }, or forgotten $.
<argument> ...included in df\FancyVerbBreakStop }}
                                                  }}
l.35 ...ame with a sample of cases included in df}
                                                  
I've deleted a group-closing symbol because it seems to be
spurious, as in `$x}$'. But perhaps the } is legitimate and
you forgot something else, as in `\hbox{$x}'. In such cases
the way to recover is to insert both the forgotten and the
deleted material, e.g., by typing `I$}'.

! Extra }, or forgotten $.
<argument> ...ncluded in df\FancyVerbBreakStop }}}
                                                  }
l.35 ...ame with a sample of cases included in df}
                                                  
I've deleted a group-closing symbol because it seems to be
spurious, as in `$x}$'. But perhaps the } is legitimate and
you forgot something else, as in `\hbox{$x}'. In such cases
the way to recover is to insert both the forgotten and the
deleted material, e.g., by typing `I$}'.

! Extra }, or forgotten $.
<argument> ...cluded in df\FancyVerbBreakStop }}}}
                                                  
l.35 ...ame with a sample of cases included in df}
                                                  
I've deleted a group-closing symbol because it seems to be
spurious, as in `$x}$'. But perhaps the } is legitimate and
you forgot something else, as in `\hbox{$x}'. In such cases
the way to recover is to insert both the forgotten and the
deleted material, e.g., by typing `I$}'.

! Extra }, or forgotten $.
\@textcolor ...otect \leavevmode {\color #1{#2}#3}
                                                  
l.35 ...ame with a sample of cases included in df}
                                                  
I've deleted a group-closing symbol because it seems to be
spurious, as in `$x}$'. But perhaps the } is legitimate and
you forgot something else, as in `\hbox{$x}'. In such cases
the way to recover is to insert both the forgotten and the
deleted material, e.g., by typing `I$}'.

! Extra }, or forgotten $.
\PYGvs@do ...vs@it {\PYGvs@bf {\PYGvs@ff {#1}}}}}}
                                                  
l.35 ...ame with a sample of cases included in df}
                                                  
I've deleted a group-closing symbol because it seems to be
spurious, as in `$x}$'. But perhaps the } is legitimate and
you forgot something else, as in `\hbox{$x}'. In such cases
the way to recover is to insert both the forgotten and the
deleted material, e.g., by typing `I$}'.

! Extra }, or forgotten $.
<argument> ... a sample of cases included in df}}}
                                                  
l.35 ...ame with a sample of cases included in df}
                                                  
I've deleted a group-closing symbol because it seems to be
spurious, as in `$x}$'. But perhaps the } is legitimate and
you forgot something else, as in `\hbox{$x}'. In such cases
the way to recover is to insert both the forgotten and the
deleted material, e.g., by typing `I$}'.

! Extra }, or forgotten $.
\FV@ListProcessLine ...Frame \FV@RightListNumber }
                                                  \hss }
l.35 ...ame with a sample of cases included in df}
                                                  
I've deleted a group-closing symbol because it seems to be
spurious, as in `$x}$'. But perhaps the } is legitimate and
you forgot something else, as in `\hbox{$x}'. In such cases
the way to recover is to insert both the forgotten and the
deleted material, e.g., by typing `I$}'.

! Extra }, or forgotten $.
\FV@ListProcessLine ...\FV@RightListNumber }\hss }
                                                  
l.35 ...ame with a sample of cases included in df}
                                                  
I've deleted a group-closing symbol because it seems to be
spurious, as in `$x}$'. But perhaps the } is legitimate and
you forgot something else, as in `\hbox{$x}'. In such cases
the way to recover is to insert both the forgotten and the
deleted material, e.g., by typing `I$}'.


! LaTeX Error: Something's wrong--perhaps a missing \item.

See the LaTeX manual or LaTeX Companion for explanation.
Type  H <return>  for immediate help.
 ...                                              
                                                  
l.62 \end{Verbatim}
                   
Try typing  <return>  to proceed.
If that doesn't work, type  X <return>  to quit.


! LaTeX Error: Something's wrong--perhaps a missing \item.

See the LaTeX manual or LaTeX Companion for explanation.
Type  H <return>  for immediate help.
 ...                                              
                                                  
l.62 \end{Verbatim}
                   
Try typing  <return>  to proceed.
If that doesn't work, type  X <return>  to quit.

! Missing $ inserted.
<inserted text> 
                $
l.62 \end{Verbatim}
                   
I've inserted something that you may have forgotten.
(See the <inserted text> above.)
With luck, this will get me unwedged. But if you
really didn't forget anything, try typing `2' now; then
my insertion and my current dilemma will both disappear.

! Missing } inserted.
<inserted text> 
                }
l.62 \end{Verbatim}
                   
I've inserted something that you may have forgotten.
(See the <inserted text> above.)
With luck, this will get me unwedged. But if you
really didn't forget anything, try typing `2' now; then
my insertion and my current dilemma will both disappear.

! Missing } inserted.
<inserted text> 
                }
l.62 \end{Verbatim}
                   
I've inserted something that you may have forgotten.
(See the <inserted text> above.)
With luck, this will get me unwedged. But if you
really didn't forget anything, try typing `2' now; then
my insertion and my current dilemma will both disappear.

! Missing } inserted.
<inserted text> 
                }
l.62 \end{Verbatim}
                   
I've inserted something that you may have forgotten.
(See the <inserted text> above.)
With luck, this will get me unwedged. But if you
really didn't forget anything, try typing `2' now; then
my insertion and my current dilemma wil